Copyright 1986-2018 Xilinx, Inc. All Rights Reserved.
------------------------------------------------------------------------------------------------------------------------------
| Tool Version : Vivado v.2018.3 (win64) Build 2405991 Thu Dec  6 23:38:27 MST 2018
| Date         : Sun Dec 11 17:11:26 2022
| Host         : Yukikaze-PC running 64-bit major release  (build 9200)
| Command      : report_drc -file bd_0_wrapper_drc_routed.rpt -pb bd_0_wrapper_drc_routed.pb -rpx bd_0_wrapper_drc_routed.rpx
| Design       : bd_0_wrapper
| Device       : xc7z007sclg225-1
| Speed File   : -1
| Design State : Fully Routed
------------------------------------------------------------------------------------------------------------------------------

Report DRC

Table of Contents
-----------------
1. REPORT SUMMARY
2. REPORT DETAILS

1. REPORT SUMMARY
-----------------
            Netlist: netlist
          Floorplan: checkpoint_bd_0_wrapper
      Design limits: <entire design considered>
           Ruledeck: default
             Max violations: <unlimited>
             Violations found: 43
+-----------+----------+-------------------------------------------------------------------+------------+
| Rule      | Severity | Description                                                       | Violations |
+-----------+----------+-------------------------------------------------------------------+------------+
| CHECK-3   | Warning  | Report rule limit reached                                         | 1          |
| DPIP-1    | Warning  | Input pipelining                                                  | 8          |
| DPOP-1    | Warning  | PREG Output pipelining                                            | 5          |
| DPOP-2    | Warning  | MREG Output pipelining                                            | 2          |
| REQP-1839 | Warning  | RAMB36 async control check                                        | 20         |
| ZPS7-1    | Warning  | PS7 block required                                                | 1          |
| AVAL-4    | Advisory | enum_USE_DPORT_FALSE_enum_DREG_ADREG_0_connects_CED_CEAD_RSTD_GND | 4          |
| AVAL-5    | Advisory | enum_USE_MULT_NONE_enum_DREG_ADREG_0_connects_CED_CEAD_RSTD_GND   | 1          |
| REQP-1725 | Advisory | DSP_Abus_sign_bit_alert                                           | 1          |
+-----------+----------+-------------------------------------------------------------------+------------+

2. REPORT DETAILS
-----------------
CHECK-3#1 Warning
Report rule limit reached  
REQP-1839 rule limit reached: 20 violations have been found.
Related violations: <none>

DPIP-1#1 Warning
Input pipelining  
DSP bd_0_i/hls_inst/inst/mult_accel_core_call_U/grp_mult_accel_core_fu_58/grp_vector_multiply_hw_fu_193/mult_accel_core_cbkb_U8/mult_accel_core_call_ap_fadd_3_full_dsp_32_u/U0/i_synth/ADDSUB_OP.ADDSUB/SPEED_OP.DSP.OP/DSP48E1_BODY.ALIGN_ADD/DSP2/DSP input bd_0_i/hls_inst/inst/mult_accel_core_call_U/grp_mult_accel_core_fu_58/grp_vector_multiply_hw_fu_193/mult_accel_core_cbkb_U8/mult_accel_core_call_ap_fadd_3_full_dsp_32_u/U0/i_synth/ADDSUB_OP.ADDSUB/SPEED_OP.DSP.OP/DSP48E1_BODY.ALIGN_ADD/DSP2/DSP/A[29:0] is not pipelined. Pipelining DSP48 input will improve performance.
Related violations: <none>

DPIP-1#2 Warning
Input pipelining  
DSP bd_0_i/hls_inst/inst/mult_accel_core_call_U/grp_mult_accel_core_fu_58/grp_vector_multiply_hw_fu_193/mult_accel_core_cbkb_U8/mult_accel_core_call_ap_fadd_3_full_dsp_32_u/U0/i_synth/ADDSUB_OP.ADDSUB/SPEED_OP.DSP.OP/DSP48E1_BODY.ALIGN_ADD/DSP2/DSP input bd_0_i/hls_inst/inst/mult_accel_core_call_U/grp_mult_accel_core_fu_58/grp_vector_multiply_hw_fu_193/mult_accel_core_cbkb_U8/mult_accel_core_call_ap_fadd_3_full_dsp_32_u/U0/i_synth/ADDSUB_OP.ADDSUB/SPEED_OP.DSP.OP/DSP48E1_BODY.ALIGN_ADD/DSP2/DSP/B[17:0] is not pipelined. Pipelining DSP48 input will improve performance.
Related violations: <none>

DPIP-1#3 Warning
Input pipelining  
DSP bd_0_i/hls_inst/inst/mult_accel_core_call_U/grp_mult_accel_core_fu_58/grp_vector_multiply_hw_fu_193/mult_accel_core_cbkb_U8/mult_accel_core_call_ap_fadd_3_full_dsp_32_u/U0/i_synth/ADDSUB_OP.ADDSUB/SPEED_OP.DSP.OP/DSP48E1_BODY.ALIGN_ADD/DSP2/DSP input bd_0_i/hls_inst/inst/mult_accel_core_call_U/grp_mult_accel_core_fu_58/grp_vector_multiply_hw_fu_193/mult_accel_core_cbkb_U8/mult_accel_core_call_ap_fadd_3_full_dsp_32_u/U0/i_synth/ADDSUB_OP.ADDSUB/SPEED_OP.DSP.OP/DSP48E1_BODY.ALIGN_ADD/DSP2/DSP/C[47:0] is not pipelined. Pipelining DSP48 input will improve performance.
Related violations: <none>

DPIP-1#4 Warning
Input pipelining  
DSP bd_0_i/hls_inst/inst/mult_accel_core_call_U/grp_mult_accel_core_fu_58/grp_vector_multiply_hw_fu_193/mult_accel_core_cbkb_U8/mult_accel_core_call_ap_fadd_3_full_dsp_32_u/U0/i_synth/ADDSUB_OP.ADDSUB/SPEED_OP.DSP.OP/DSP48E1_BODY.NORM_RND/FULL_USAGE_DSP.SHIFT_RND/DSP input bd_0_i/hls_inst/inst/mult_accel_core_call_U/grp_mult_accel_core_fu_58/grp_vector_multiply_hw_fu_193/mult_accel_core_cbkb_U8/mult_accel_core_call_ap_fadd_3_full_dsp_32_u/U0/i_synth/ADDSUB_OP.ADDSUB/SPEED_OP.DSP.OP/DSP48E1_BODY.NORM_RND/FULL_USAGE_DSP.SHIFT_RND/DSP/C[47:0] is not pipelined. Pipelining DSP48 input will improve performance.
Related violations: <none>

DPIP-1#5 Warning
Input pipelining  
DSP bd_0_i/hls_inst/inst/mult_accel_core_call_U/grp_mult_accel_core_fu_58/grp_vector_multiply_hw_fu_193/mult_accel_core_ccud_U9/mult_accel_core_call_ap_fmul_2_max_dsp_32_u/U0/i_synth/MULT.OP/MULT/DSP48E1_SPD_SGL_VARIANT.FIX_MULT/DSP1/DSP input bd_0_i/hls_inst/inst/mult_accel_core_call_U/grp_mult_accel_core_fu_58/grp_vector_multiply_hw_fu_193/mult_accel_core_ccud_U9/mult_accel_core_call_ap_fmul_2_max_dsp_32_u/U0/i_synth/MULT.OP/MULT/DSP48E1_SPD_SGL_VARIANT.FIX_MULT/DSP1/DSP/A[29:0] is not pipelined. Pipelining DSP48 input will improve performance.
Related violations: <none>

DPIP-1#6 Warning
Input pipelining  
DSP bd_0_i/hls_inst/inst/mult_accel_core_call_U/grp_mult_accel_core_fu_58/grp_vector_multiply_hw_fu_193/mult_accel_core_ccud_U9/mult_accel_core_call_ap_fmul_2_max_dsp_32_u/U0/i_synth/MULT.OP/MULT/DSP48E1_SPD_SGL_VARIANT.FIX_MULT/DSP1/DSP input bd_0_i/hls_inst/inst/mult_accel_core_call_U/grp_mult_accel_core_fu_58/grp_vector_multiply_hw_fu_193/mult_accel_core_ccud_U9/mult_accel_core_call_ap_fmul_2_max_dsp_32_u/U0/i_synth/MULT.OP/MULT/DSP48E1_SPD_SGL_VARIANT.FIX_MULT/DSP1/DSP/B[17:0] is not pipelined. Pipelining DSP48 input will improve performance.
Related violations: <none>

DPIP-1#7 Warning
Input pipelining  
DSP bd_0_i/hls_inst/inst/mult_accel_core_call_U/grp_mult_accel_core_fu_58/grp_vector_multiply_hw_fu_193/mult_accel_core_ccud_U9/mult_accel_core_call_ap_fmul_2_max_dsp_32_u/U0/i_synth/MULT.OP/MULT/DSP48E1_SPD_SGL_VARIANT.FIX_MULT/DSP2/DSP input bd_0_i/hls_inst/inst/mult_accel_core_call_U/grp_mult_accel_core_fu_58/grp_vector_multiply_hw_fu_193/mult_accel_core_ccud_U9/mult_accel_core_call_ap_fmul_2_max_dsp_32_u/U0/i_synth/MULT.OP/MULT/DSP48E1_SPD_SGL_VARIANT.FIX_MULT/DSP2/DSP/B[17:0] is not pipelined. Pipelining DSP48 input will improve performance.
Related violations: <none>

DPIP-1#8 Warning
Input pipelining  
DSP bd_0_i/hls_inst/inst/mult_accel_core_call_U/grp_mult_accel_core_fu_58/grp_vector_multiply_hw_fu_193/mult_accel_core_ccud_U9/mult_accel_core_call_ap_fmul_2_max_dsp_32_u/U0/i_synth/MULT.OP/R_AND_R/LAT_OPT.FULL.R_AND_R/DSP48E1_SGL_EXP_IP.OLD_ADD.ADD/DSP input bd_0_i/hls_inst/inst/mult_accel_core_call_U/grp_mult_accel_core_fu_58/grp_vector_multiply_hw_fu_193/mult_accel_core_ccud_U9/mult_accel_core_call_ap_fmul_2_max_dsp_32_u/U0/i_synth/MULT.OP/R_AND_R/LAT_OPT.FULL.R_AND_R/DSP48E1_SGL_EXP_IP.OLD_ADD.ADD/DSP/C[47:0] is not pipelined. Pipelining DSP48 input will improve performance.
Related violations: <none>

DPOP-1#1 Warning
PREG Output pipelining  
DSP bd_0_i/hls_inst/inst/mult_accel_core_call_U/grp_mult_accel_core_fu_58/grp_vector_multiply_hw_fu_193/mult_accel_core_cbkb_U8/mult_accel_core_call_ap_fadd_3_full_dsp_32_u/U0/i_synth/ADDSUB_OP.ADDSUB/SPEED_OP.DSP.OP/DSP48E1_BODY.NORM_RND/FULL_USAGE_DSP.SHIFT_RND/DSP output bd_0_i/hls_inst/inst/mult_accel_core_call_U/grp_mult_accel_core_fu_58/grp_vector_multiply_hw_fu_193/mult_accel_core_cbkb_U8/mult_accel_core_call_ap_fadd_3_full_dsp_32_u/U0/i_synth/ADDSUB_OP.ADDSUB/SPEED_OP.DSP.OP/DSP48E1_BODY.NORM_RND/FULL_USAGE_DSP.SHIFT_RND/DSP/P[47:0] is not pipelined (PREG=0). Pipelining the DSP48 output will improve performance and often saves power so it is suggested whenever possible to fully pipeline this function.  If this DSP48 function was inferred, it is suggested to describe an additional register stage after this function.  If the DSP48 was instantiated in the design, it is suggested to set the PREG attribute to 1.
Related violations: <none>

DPOP-1#2 Warning
PREG Output pipelining  
DSP bd_0_i/hls_inst/inst/mult_accel_core_call_U/grp_mult_accel_core_fu_58/grp_vector_multiply_hw_fu_193/mult_accel_core_ccud_U9/mult_accel_core_call_ap_fmul_2_max_dsp_32_u/U0/i_synth/MULT.OP/MULT/DSP48E1_SPD_SGL_VARIANT.FIX_MULT/DSP2/DSP output bd_0_i/hls_inst/inst/mult_accel_core_call_U/grp_mult_accel_core_fu_58/grp_vector_multiply_hw_fu_193/mult_accel_core_ccud_U9/mult_accel_core_call_ap_fmul_2_max_dsp_32_u/U0/i_synth/MULT.OP/MULT/DSP48E1_SPD_SGL_VARIANT.FIX_MULT/DSP2/DSP/PATTERNDETECT is not pipelined (PREG=0). Pipelining the DSP48 output will improve performance and often saves power so it is suggested whenever possible to fully pipeline this function.  If this DSP48 function was inferred, it is suggested to describe an additional register stage after this function.  If the DSP48 was instantiated in the design, it is suggested to set the PREG attribute to 1.
Related violations: <none>

DPOP-1#3 Warning
PREG Output pipelining  
DSP bd_0_i/hls_inst/inst/mult_accel_core_call_U/grp_mult_accel_core_fu_58/grp_vector_multiply_hw_fu_193/mult_accel_core_ccud_U9/mult_accel_core_call_ap_fmul_2_max_dsp_32_u/U0/i_synth/MULT.OP/MULT/DSP48E1_SPD_SGL_VARIANT.FIX_MULT/DSP2/DSP output bd_0_i/hls_inst/inst/mult_accel_core_call_U/grp_mult_accel_core_fu_58/grp_vector_multiply_hw_fu_193/mult_accel_core_ccud_U9/mult_accel_core_call_ap_fmul_2_max_dsp_32_u/U0/i_synth/MULT.OP/MULT/DSP48E1_SPD_SGL_VARIANT.FIX_MULT/DSP2/DSP/P[47:0] is not pipelined (PREG=0). Pipelining the DSP48 output will improve performance and often saves power so it is suggested whenever possible to fully pipeline this function.  If this DSP48 function was inferred, it is suggested to describe an additional register stage after this function.  If the DSP48 was instantiated in the design, it is suggested to set the PREG attribute to 1.
Related violations: <none>

DPOP-1#4 Warning
PREG Output pipelining  
DSP bd_0_i/hls_inst/inst/mult_accel_core_call_U/grp_mult_accel_core_fu_58/grp_vector_multiply_hw_fu_193/mult_accel_core_ccud_U9/mult_accel_core_call_ap_fmul_2_max_dsp_32_u/U0/i_synth/MULT.OP/R_AND_R/LAT_OPT.FULL.R_AND_R/DSP48E1_SGL_EXP_IP.OLD_ADD.ADD/DSP output bd_0_i/hls_inst/inst/mult_accel_core_call_U/grp_mult_accel_core_fu_58/grp_vector_multiply_hw_fu_193/mult_accel_core_ccud_U9/mult_accel_core_call_ap_fmul_2_max_dsp_32_u/U0/i_synth/MULT.OP/R_AND_R/LAT_OPT.FULL.R_AND_R/DSP48E1_SGL_EXP_IP.OLD_ADD.ADD/DSP/CARRYOUT[3:0] is not pipelined (PREG=0). Pipelining the DSP48 output will improve performance and often saves power so it is suggested whenever possible to fully pipeline this function.  If this DSP48 function was inferred, it is suggested to describe an additional register stage after this function.  If the DSP48 was instantiated in the design, it is suggested to set the PREG attribute to 1.
Related violations: <none>

DPOP-1#5 Warning
PREG Output pipelining  
DSP bd_0_i/hls_inst/inst/mult_accel_core_call_U/grp_mult_accel_core_fu_58/grp_vector_multiply_hw_fu_193/mult_accel_core_ccud_U9/mult_accel_core_call_ap_fmul_2_max_dsp_32_u/U0/i_synth/MULT.OP/R_AND_R/LAT_OPT.FULL.R_AND_R/DSP48E1_SGL_EXP_IP.OLD_ADD.ADD/DSP output bd_0_i/hls_inst/inst/mult_accel_core_call_U/grp_mult_accel_core_fu_58/grp_vector_multiply_hw_fu_193/mult_accel_core_ccud_U9/mult_accel_core_call_ap_fmul_2_max_dsp_32_u/U0/i_synth/MULT.OP/R_AND_R/LAT_OPT.FULL.R_AND_R/DSP48E1_SGL_EXP_IP.OLD_ADD.ADD/DSP/P[47:0] is not pipelined (PREG=0). Pipelining the DSP48 output will improve performance and often saves power so it is suggested whenever possible to fully pipeline this function.  If this DSP48 function was inferred, it is suggested to describe an additional register stage after this function.  If the DSP48 was instantiated in the design, it is suggested to set the PREG attribute to 1.
Related violations: <none>

DPOP-2#1 Warning
MREG Output pipelining  
DSP bd_0_i/hls_inst/inst/mult_accel_core_call_U/grp_mult_accel_core_fu_58/grp_vector_multiply_hw_fu_193/mult_accel_core_cbkb_U8/mult_accel_core_call_ap_fadd_3_full_dsp_32_u/U0/i_synth/ADDSUB_OP.ADDSUB/SPEED_OP.DSP.OP/DSP48E1_BODY.NORM_RND/FULL_USAGE_DSP.SHIFT_RND/DSP multiplier stage bd_0_i/hls_inst/inst/mult_accel_core_call_U/grp_mult_accel_core_fu_58/grp_vector_multiply_hw_fu_193/mult_accel_core_cbkb_U8/mult_accel_core_call_ap_fadd_3_full_dsp_32_u/U0/i_synth/ADDSUB_OP.ADDSUB/SPEED_OP.DSP.OP/DSP48E1_BODY.NORM_RND/FULL_USAGE_DSP.SHIFT_RND/DSP/P[47:0] is not pipelined (MREG=0). Pipelining the multiplier function will improve performance and will save significant power so it is suggested whenever possible to fully pipeline this function.  If this multiplier was inferred, it is suggested to describe an additional register stage after this function.  If there is no registered adder/accumulator following the multiply function, two pipeline stages are suggested to allow both the MREG and PREG registers to be used.  If the DSP48 was instantiated in the design, it is suggested to set both the MREG and PREG attributes to 1 when performing multiply functions.
Related violations: <none>

DPOP-2#2 Warning
MREG Output pipelining  
DSP bd_0_i/hls_inst/inst/mult_accel_core_call_U/grp_mult_accel_core_fu_58/grp_vector_multiply_hw_fu_193/mult_accel_core_ccud_U9/mult_accel_core_call_ap_fmul_2_max_dsp_32_u/U0/i_synth/MULT.OP/MULT/DSP48E1_SPD_SGL_VARIANT.FIX_MULT/DSP1/DSP multiplier stage bd_0_i/hls_inst/inst/mult_accel_core_call_U/grp_mult_accel_core_fu_58/grp_vector_multiply_hw_fu_193/mult_accel_core_ccud_U9/mult_accel_core_call_ap_fmul_2_max_dsp_32_u/U0/i_synth/MULT.OP/MULT/DSP48E1_SPD_SGL_VARIANT.FIX_MULT/DSP1/DSP/PATTERNDETECT is not pipelined (MREG=0). Pipelining the multiplier function will improve performance and will save significant power so it is suggested whenever possible to fully pipeline this function.  If this multiplier was inferred, it is suggested to describe an additional register stage after this function.  If there is no registered adder/accumulator following the multiply function, two pipeline stages are suggested to allow both the MREG and PREG registers to be used.  If the DSP48 was instantiated in the design, it is suggested to set both the MREG and PREG attributes to 1 when performing multiply functions.
Related violations: <none>

REQP-1839#1 Warning
RAMB36 async control check  
The RAMB36E1 bd_0_i/hls_inst/inst/mult_accel_core_call_U/grp_mult_accel_core_fu_58/a_U/mult_accel_core_a_ram_U/ram_reg has an input control pin bd_0_i/hls_inst/inst/mult_accel_core_call_U/grp_mult_accel_core_fu_58/a_U/mult_accel_core_a_ram_U/ram_reg/ENARDEN (net: bd_0_i/hls_inst/inst/mult_accel_core_call_U/grp_mult_accel_core_fu_58/a_U/mult_accel_core_a_ram_U/a_ce0) which is driven by a register (bd_0_i/hls_inst/inst/mult_accel_core_call_INPUT_STREAM_if_U/in_stream_data_V_fifo/empty_reg) that has an active asychronous set or reset. This may cause corruption of the memory contents and/or read values when the set/reset is asserted and is not analyzed by the default static timing analysis. It is suggested to eliminate the use of a set/reset to registers driving this RAMB pin or else use a synchronous reset in which the assertion of the reset is timed by default.
Related violations: <none>

REQP-1839#2 Warning
RAMB36 async control check  
The RAMB36E1 bd_0_i/hls_inst/inst/mult_accel_core_call_U/grp_mult_accel_core_fu_58/a_U/mult_accel_core_a_ram_U/ram_reg has an input control pin bd_0_i/hls_inst/inst/mult_accel_core_call_U/grp_mult_accel_core_fu_58/a_U/mult_accel_core_a_ram_U/ram_reg/ENARDEN (net: bd_0_i/hls_inst/inst/mult_accel_core_call_U/grp_mult_accel_core_fu_58/a_U/mult_accel_core_a_ram_U/a_ce0) which is driven by a register (bd_0_i/hls_inst/inst/mult_accel_core_call_INPUT_STREAM_if_U/in_stream_dest_V_fifo/empty_reg) that has an active asychronous set or reset. This may cause corruption of the memory contents and/or read values when the set/reset is asserted and is not analyzed by the default static timing analysis. It is suggested to eliminate the use of a set/reset to registers driving this RAMB pin or else use a synchronous reset in which the assertion of the reset is timed by default.
Related violations: <none>

REQP-1839#3 Warning
RAMB36 async control check  
The RAMB36E1 bd_0_i/hls_inst/inst/mult_accel_core_call_U/grp_mult_accel_core_fu_58/a_U/mult_accel_core_a_ram_U/ram_reg has an input control pin bd_0_i/hls_inst/inst/mult_accel_core_call_U/grp_mult_accel_core_fu_58/a_U/mult_accel_core_a_ram_U/ram_reg/ENARDEN (net: bd_0_i/hls_inst/inst/mult_accel_core_call_U/grp_mult_accel_core_fu_58/a_U/mult_accel_core_a_ram_U/a_ce0) which is driven by a register (bd_0_i/hls_inst/inst/mult_accel_core_call_INPUT_STREAM_if_U/in_stream_id_V_fifo/empty_reg) that has an active asychronous set or reset. This may cause corruption of the memory contents and/or read values when the set/reset is asserted and is not analyzed by the default static timing analysis. It is suggested to eliminate the use of a set/reset to registers driving this RAMB pin or else use a synchronous reset in which the assertion of the reset is timed by default.
Related violations: <none>

REQP-1839#4 Warning
RAMB36 async control check  
The RAMB36E1 bd_0_i/hls_inst/inst/mult_accel_core_call_U/grp_mult_accel_core_fu_58/a_U/mult_accel_core_a_ram_U/ram_reg has an input control pin bd_0_i/hls_inst/inst/mult_accel_core_call_U/grp_mult_accel_core_fu_58/a_U/mult_accel_core_a_ram_U/ram_reg/ENARDEN (net: bd_0_i/hls_inst/inst/mult_accel_core_call_U/grp_mult_accel_core_fu_58/a_U/mult_accel_core_a_ram_U/a_ce0) which is driven by a register (bd_0_i/hls_inst/inst/mult_accel_core_call_INPUT_STREAM_if_U/in_stream_keep_V_fifo/empty_reg) that has an active asychronous set or reset. This may cause corruption of the memory contents and/or read values when the set/reset is asserted and is not analyzed by the default static timing analysis. It is suggested to eliminate the use of a set/reset to registers driving this RAMB pin or else use a synchronous reset in which the assertion of the reset is timed by default.
Related violations: <none>

REQP-1839#5 Warning
RAMB36 async control check  
The RAMB36E1 bd_0_i/hls_inst/inst/mult_accel_core_call_U/grp_mult_accel_core_fu_58/a_U/mult_accel_core_a_ram_U/ram_reg has an input control pin bd_0_i/hls_inst/inst/mult_accel_core_call_U/grp_mult_accel_core_fu_58/a_U/mult_accel_core_a_ram_U/ram_reg/ENARDEN (net: bd_0_i/hls_inst/inst/mult_accel_core_call_U/grp_mult_accel_core_fu_58/a_U/mult_accel_core_a_ram_U/a_ce0) which is driven by a register (bd_0_i/hls_inst/inst/mult_accel_core_call_INPUT_STREAM_if_U/in_stream_last_V_fifo/empty_reg) that has an active asychronous set or reset. This may cause corruption of the memory contents and/or read values when the set/reset is asserted and is not analyzed by the default static timing analysis. It is suggested to eliminate the use of a set/reset to registers driving this RAMB pin or else use a synchronous reset in which the assertion of the reset is timed by default.
Related violations: <none>

REQP-1839#6 Warning
RAMB36 async control check  
The RAMB36E1 bd_0_i/hls_inst/inst/mult_accel_core_call_U/grp_mult_accel_core_fu_58/a_U/mult_accel_core_a_ram_U/ram_reg has an input control pin bd_0_i/hls_inst/inst/mult_accel_core_call_U/grp_mult_accel_core_fu_58/a_U/mult_accel_core_a_ram_U/ram_reg/ENARDEN (net: bd_0_i/hls_inst/inst/mult_accel_core_call_U/grp_mult_accel_core_fu_58/a_U/mult_accel_core_a_ram_U/a_ce0) which is driven by a register (bd_0_i/hls_inst/inst/mult_accel_core_call_INPUT_STREAM_if_U/in_stream_strb_V_fifo/empty_reg) that has an active asychronous set or reset. This may cause corruption of the memory contents and/or read values when the set/reset is asserted and is not analyzed by the default static timing analysis. It is suggested to eliminate the use of a set/reset to registers driving this RAMB pin or else use a synchronous reset in which the assertion of the reset is timed by default.
Related violations: <none>

REQP-1839#7 Warning
RAMB36 async control check  
The RAMB36E1 bd_0_i/hls_inst/inst/mult_accel_core_call_U/grp_mult_accel_core_fu_58/a_U/mult_accel_core_a_ram_U/ram_reg has an input control pin bd_0_i/hls_inst/inst/mult_accel_core_call_U/grp_mult_accel_core_fu_58/a_U/mult_accel_core_a_ram_U/ram_reg/ENARDEN (net: bd_0_i/hls_inst/inst/mult_accel_core_call_U/grp_mult_accel_core_fu_58/a_U/mult_accel_core_a_ram_U/a_ce0) which is driven by a register (bd_0_i/hls_inst/inst/mult_accel_core_call_INPUT_STREAM_if_U/in_stream_user_V_fifo/empty_reg) that has an active asychronous set or reset. This may cause corruption of the memory contents and/or read values when the set/reset is asserted and is not analyzed by the default static timing analysis. It is suggested to eliminate the use of a set/reset to registers driving this RAMB pin or else use a synchronous reset in which the assertion of the reset is timed by default.
Related violations: <none>

REQP-1839#8 Warning
RAMB36 async control check  
The RAMB36E1 bd_0_i/hls_inst/inst/mult_accel_core_call_U/grp_mult_accel_core_fu_58/a_U/mult_accel_core_a_ram_U/ram_reg has an input control pin bd_0_i/hls_inst/inst/mult_accel_core_call_U/grp_mult_accel_core_fu_58/a_U/mult_accel_core_a_ram_U/ram_reg/WEA[2] (net: bd_0_i/hls_inst/inst/mult_accel_core_call_U/grp_mult_accel_core_fu_58/a_U/mult_accel_core_a_ram_U/WEA[0]) which is driven by a register (bd_0_i/hls_inst/inst/mult_accel_core_call_INPUT_STREAM_if_U/in_stream_data_V_fifo/empty_reg) that has an active asychronous set or reset. This may cause corruption of the memory contents and/or read values when the set/reset is asserted and is not analyzed by the default static timing analysis. It is suggested to eliminate the use of a set/reset to registers driving this RAMB pin or else use a synchronous reset in which the assertion of the reset is timed by default.
Related violations: <none>

REQP-1839#9 Warning
RAMB36 async control check  
The RAMB36E1 bd_0_i/hls_inst/inst/mult_accel_core_call_U/grp_mult_accel_core_fu_58/a_U/mult_accel_core_a_ram_U/ram_reg has an input control pin bd_0_i/hls_inst/inst/mult_accel_core_call_U/grp_mult_accel_core_fu_58/a_U/mult_accel_core_a_ram_U/ram_reg/WEA[2] (net: bd_0_i/hls_inst/inst/mult_accel_core_call_U/grp_mult_accel_core_fu_58/a_U/mult_accel_core_a_ram_U/WEA[0]) which is driven by a register (bd_0_i/hls_inst/inst/mult_accel_core_call_INPUT_STREAM_if_U/in_stream_dest_V_fifo/empty_reg) that has an active asychronous set or reset. This may cause corruption of the memory contents and/or read values when the set/reset is asserted and is not analyzed by the default static timing analysis. It is suggested to eliminate the use of a set/reset to registers driving this RAMB pin or else use a synchronous reset in which the assertion of the reset is timed by default.
Related violations: <none>

REQP-1839#10 Warning
RAMB36 async control check  
The RAMB36E1 bd_0_i/hls_inst/inst/mult_accel_core_call_U/grp_mult_accel_core_fu_58/a_U/mult_accel_core_a_ram_U/ram_reg has an input control pin bd_0_i/hls_inst/inst/mult_accel_core_call_U/grp_mult_accel_core_fu_58/a_U/mult_accel_core_a_ram_U/ram_reg/WEA[2] (net: bd_0_i/hls_inst/inst/mult_accel_core_call_U/grp_mult_accel_core_fu_58/a_U/mult_accel_core_a_ram_U/WEA[0]) which is driven by a register (bd_0_i/hls_inst/inst/mult_accel_core_call_INPUT_STREAM_if_U/in_stream_keep_V_fifo/empty_reg) that has an active asychronous set or reset. This may cause corruption of the memory contents and/or read values when the set/reset is asserted and is not analyzed by the default static timing analysis. It is suggested to eliminate the use of a set/reset to registers driving this RAMB pin or else use a synchronous reset in which the assertion of the reset is timed by default.
Related violations: <none>

REQP-1839#11 Warning
RAMB36 async control check  
The RAMB36E1 bd_0_i/hls_inst/inst/mult_accel_core_call_U/grp_mult_accel_core_fu_58/a_U/mult_accel_core_a_ram_U/ram_reg has an input control pin bd_0_i/hls_inst/inst/mult_accel_core_call_U/grp_mult_accel_core_fu_58/a_U/mult_accel_core_a_ram_U/ram_reg/WEA[2] (net: bd_0_i/hls_inst/inst/mult_accel_core_call_U/grp_mult_accel_core_fu_58/a_U/mult_accel_core_a_ram_U/WEA[0]) which is driven by a register (bd_0_i/hls_inst/inst/mult_accel_core_call_INPUT_STREAM_if_U/in_stream_last_V_fifo/empty_reg) that has an active asychronous set or reset. This may cause corruption of the memory contents and/or read values when the set/reset is asserted and is not analyzed by the default static timing analysis. It is suggested to eliminate the use of a set/reset to registers driving this RAMB pin or else use a synchronous reset in which the assertion of the reset is timed by default.
Related violations: <none>

REQP-1839#12 Warning
RAMB36 async control check  
The RAMB36E1 bd_0_i/hls_inst/inst/mult_accel_core_call_U/grp_mult_accel_core_fu_58/a_U/mult_accel_core_a_ram_U/ram_reg has an input control pin bd_0_i/hls_inst/inst/mult_accel_core_call_U/grp_mult_accel_core_fu_58/a_U/mult_accel_core_a_ram_U/ram_reg/WEA[2] (net: bd_0_i/hls_inst/inst/mult_accel_core_call_U/grp_mult_accel_core_fu_58/a_U/mult_accel_core_a_ram_U/WEA[0]) which is driven by a register (bd_0_i/hls_inst/inst/mult_accel_core_call_INPUT_STREAM_if_U/in_stream_strb_V_fifo/empty_reg) that has an active asychronous set or reset. This may cause corruption of the memory contents and/or read values when the set/reset is asserted and is not analyzed by the default static timing analysis. It is suggested to eliminate the use of a set/reset to registers driving this RAMB pin or else use a synchronous reset in which the assertion of the reset is timed by default.
Related violations: <none>

REQP-1839#13 Warning
RAMB36 async control check  
The RAMB36E1 bd_0_i/hls_inst/inst/mult_accel_core_call_U/grp_mult_accel_core_fu_58/a_U/mult_accel_core_a_ram_U/ram_reg has an input control pin bd_0_i/hls_inst/inst/mult_accel_core_call_U/grp_mult_accel_core_fu_58/a_U/mult_accel_core_a_ram_U/ram_reg/WEA[2] (net: bd_0_i/hls_inst/inst/mult_accel_core_call_U/grp_mult_accel_core_fu_58/a_U/mult_accel_core_a_ram_U/WEA[0]) which is driven by a register (bd_0_i/hls_inst/inst/mult_accel_core_call_INPUT_STREAM_if_U/in_stream_user_V_fifo/empty_reg) that has an active asychronous set or reset. This may cause corruption of the memory contents and/or read values when the set/reset is asserted and is not analyzed by the default static timing analysis. It is suggested to eliminate the use of a set/reset to registers driving this RAMB pin or else use a synchronous reset in which the assertion of the reset is timed by default.
Related violations: <none>

REQP-1839#14 Warning
RAMB36 async control check  
The RAMB36E1 bd_0_i/hls_inst/inst/mult_accel_core_call_U/grp_mult_accel_core_fu_58/a_U/mult_accel_core_a_ram_U/ram_reg has an input control pin bd_0_i/hls_inst/inst/mult_accel_core_call_U/grp_mult_accel_core_fu_58/a_U/mult_accel_core_a_ram_U/ram_reg/WEA[3] (net: bd_0_i/hls_inst/inst/mult_accel_core_call_U/grp_mult_accel_core_fu_58/a_U/mult_accel_core_a_ram_U/WEA[0]) which is driven by a register (bd_0_i/hls_inst/inst/mult_accel_core_call_INPUT_STREAM_if_U/in_stream_data_V_fifo/empty_reg) that has an active asychronous set or reset. This may cause corruption of the memory contents and/or read values when the set/reset is asserted and is not analyzed by the default static timing analysis. It is suggested to eliminate the use of a set/reset to registers driving this RAMB pin or else use a synchronous reset in which the assertion of the reset is timed by default.
Related violations: <none>

REQP-1839#15 Warning
RAMB36 async control check  
The RAMB36E1 bd_0_i/hls_inst/inst/mult_accel_core_call_U/grp_mult_accel_core_fu_58/a_U/mult_accel_core_a_ram_U/ram_reg has an input control pin bd_0_i/hls_inst/inst/mult_accel_core_call_U/grp_mult_accel_core_fu_58/a_U/mult_accel_core_a_ram_U/ram_reg/WEA[3] (net: bd_0_i/hls_inst/inst/mult_accel_core_call_U/grp_mult_accel_core_fu_58/a_U/mult_accel_core_a_ram_U/WEA[0]) which is driven by a register (bd_0_i/hls_inst/inst/mult_accel_core_call_INPUT_STREAM_if_U/in_stream_dest_V_fifo/empty_reg) that has an active asychronous set or reset. This may cause corruption of the memory contents and/or read values when the set/reset is asserted and is not analyzed by the default static timing analysis. It is suggested to eliminate the use of a set/reset to registers driving this RAMB pin or else use a synchronous reset in which the assertion of the reset is timed by default.
Related violations: <none>

REQP-1839#16 Warning
RAMB36 async control check  
The RAMB36E1 bd_0_i/hls_inst/inst/mult_accel_core_call_U/grp_mult_accel_core_fu_58/a_U/mult_accel_core_a_ram_U/ram_reg has an input control pin bd_0_i/hls_inst/inst/mult_accel_core_call_U/grp_mult_accel_core_fu_58/a_U/mult_accel_core_a_ram_U/ram_reg/WEA[3] (net: bd_0_i/hls_inst/inst/mult_accel_core_call_U/grp_mult_accel_core_fu_58/a_U/mult_accel_core_a_ram_U/WEA[0]) which is driven by a register (bd_0_i/hls_inst/inst/mult_accel_core_call_INPUT_STREAM_if_U/in_stream_id_V_fifo/empty_reg) that has an active asychronous set or reset. This may cause corruption of the memory contents and/or read values when the set/reset is asserted and is not analyzed by the default static timing analysis. It is suggested to eliminate the use of a set/reset to registers driving this RAMB pin or else use a synchronous reset in which the assertion of the reset is timed by default.
Related violations: <none>

REQP-1839#17 Warning
RAMB36 async control check  
The RAMB36E1 bd_0_i/hls_inst/inst/mult_accel_core_call_U/grp_mult_accel_core_fu_58/a_U/mult_accel_core_a_ram_U/ram_reg has an input control pin bd_0_i/hls_inst/inst/mult_accel_core_call_U/grp_mult_accel_core_fu_58/a_U/mult_accel_core_a_ram_U/ram_reg/WEA[3] (net: bd_0_i/hls_inst/inst/mult_accel_core_call_U/grp_mult_accel_core_fu_58/a_U/mult_accel_core_a_ram_U/WEA[0]) which is driven by a register (bd_0_i/hls_inst/inst/mult_accel_core_call_INPUT_STREAM_if_U/in_stream_keep_V_fifo/empty_reg) that has an active asychronous set or reset. This may cause corruption of the memory contents and/or read values when the set/reset is asserted and is not analyzed by the default static timing analysis. It is suggested to eliminate the use of a set/reset to registers driving this RAMB pin or else use a synchronous reset in which the assertion of the reset is timed by default.
Related violations: <none>

REQP-1839#18 Warning
RAMB36 async control check  
The RAMB36E1 bd_0_i/hls_inst/inst/mult_accel_core_call_U/grp_mult_accel_core_fu_58/a_U/mult_accel_core_a_ram_U/ram_reg has an input control pin bd_0_i/hls_inst/inst/mult_accel_core_call_U/grp_mult_accel_core_fu_58/a_U/mult_accel_core_a_ram_U/ram_reg/WEA[3] (net: bd_0_i/hls_inst/inst/mult_accel_core_call_U/grp_mult_accel_core_fu_58/a_U/mult_accel_core_a_ram_U/WEA[0]) which is driven by a register (bd_0_i/hls_inst/inst/mult_accel_core_call_INPUT_STREAM_if_U/in_stream_last_V_fifo/empty_reg) that has an active asychronous set or reset. This may cause corruption of the memory contents and/or read values when the set/reset is asserted and is not analyzed by the default static timing analysis. It is suggested to eliminate the use of a set/reset to registers driving this RAMB pin or else use a synchronous reset in which the assertion of the reset is timed by default.
Related violations: <none>

REQP-1839#19 Warning
RAMB36 async control check  
The RAMB36E1 bd_0_i/hls_inst/inst/mult_accel_core_call_U/grp_mult_accel_core_fu_58/a_U/mult_accel_core_a_ram_U/ram_reg has an input control pin bd_0_i/hls_inst/inst/mult_accel_core_call_U/grp_mult_accel_core_fu_58/a_U/mult_accel_core_a_ram_U/ram_reg/WEA[3] (net: bd_0_i/hls_inst/inst/mult_accel_core_call_U/grp_mult_accel_core_fu_58/a_U/mult_accel_core_a_ram_U/WEA[0]) which is driven by a register (bd_0_i/hls_inst/inst/mult_accel_core_call_INPUT_STREAM_if_U/in_stream_strb_V_fifo/empty_reg) that has an active asychronous set or reset. This may cause corruption of the memory contents and/or read values when the set/reset is asserted and is not analyzed by the default static timing analysis. It is suggested to eliminate the use of a set/reset to registers driving this RAMB pin or else use a synchronous reset in which the assertion of the reset is timed by default.
Related violations: <none>

REQP-1839#20 Warning
RAMB36 async control check  
The RAMB36E1 bd_0_i/hls_inst/inst/mult_accel_core_call_U/grp_mult_accel_core_fu_58/a_U/mult_accel_core_a_ram_U/ram_reg has an input control pin bd_0_i/hls_inst/inst/mult_accel_core_call_U/grp_mult_accel_core_fu_58/a_U/mult_accel_core_a_ram_U/ram_reg/WEA[3] (net: bd_0_i/hls_inst/inst/mult_accel_core_call_U/grp_mult_accel_core_fu_58/a_U/mult_accel_core_a_ram_U/WEA[0]) which is driven by a register (bd_0_i/hls_inst/inst/mult_accel_core_call_INPUT_STREAM_if_U/in_stream_user_V_fifo/empty_reg) that has an active asychronous set or reset. This may cause corruption of the memory contents and/or read values when the set/reset is asserted and is not analyzed by the default static timing analysis. It is suggested to eliminate the use of a set/reset to registers driving this RAMB pin or else use a synchronous reset in which the assertion of the reset is timed by default.
Related violations: <none>

ZPS7-1#1 Warning
PS7 block required  
The PS7 cell must be used in this Zynq design in order to enable correct default configuration.
Related violations: <none>

AVAL-4#1 Advisory
enum_USE_DPORT_FALSE_enum_DREG_ADREG_0_connects_CED_CEAD_RSTD_GND  
bd_0_i/hls_inst/inst/mult_accel_core_call_U/grp_mult_accel_core_fu_58/grp_vector_multiply_hw_fu_193/mult_accel_core_cbkb_U8/mult_accel_core_call_ap_fadd_3_full_dsp_32_u/U0/i_synth/ADDSUB_OP.ADDSUB/SPEED_OP.DSP.OP/DSP48E1_BODY.NORM_RND/FULL_USAGE_DSP.SHIFT_RND/DSP: DSP48E1 is not using the D port (USE_DPORT = FALSE). For improved power characteristics, set DREG and ADREG to '1', tie CED, CEAD, and RSTD to logic '0'.
Related violations: <none>

AVAL-4#2 Advisory
enum_USE_DPORT_FALSE_enum_DREG_ADREG_0_connects_CED_CEAD_RSTD_GND  
bd_0_i/hls_inst/inst/mult_accel_core_call_U/grp_mult_accel_core_fu_58/grp_vector_multiply_hw_fu_193/mult_accel_core_ccud_U9/mult_accel_core_call_ap_fmul_2_max_dsp_32_u/U0/i_synth/MULT.OP/MULT/DSP48E1_SPD_SGL_VARIANT.FIX_MULT/DSP1/DSP: DSP48E1 is not using the D port (USE_DPORT = FALSE). For improved power characteristics, set DREG and ADREG to '1', tie CED, CEAD, and RSTD to logic '0'.
Related violations: <none>

AVAL-4#3 Advisory
enum_USE_DPORT_FALSE_enum_DREG_ADREG_0_connects_CED_CEAD_RSTD_GND  
bd_0_i/hls_inst/inst/mult_accel_core_call_U/grp_mult_accel_core_fu_58/grp_vector_multiply_hw_fu_193/mult_accel_core_ccud_U9/mult_accel_core_call_ap_fmul_2_max_dsp_32_u/U0/i_synth/MULT.OP/MULT/DSP48E1_SPD_SGL_VARIANT.FIX_MULT/DSP2/DSP: DSP48E1 is not using the D port (USE_DPORT = FALSE). For improved power characteristics, set DREG and ADREG to '1', tie CED, CEAD, and RSTD to logic '0'.
Related violations: <none>

AVAL-4#4 Advisory
enum_USE_DPORT_FALSE_enum_DREG_ADREG_0_connects_CED_CEAD_RSTD_GND  
bd_0_i/hls_inst/inst/mult_accel_core_call_U/grp_mult_accel_core_fu_58/grp_vector_multiply_hw_fu_193/mult_accel_core_ccud_U9/mult_accel_core_call_ap_fmul_2_max_dsp_32_u/U0/i_synth/MULT.OP/R_AND_R/LAT_OPT.FULL.R_AND_R/DSP48E1_SGL_EXP_IP.OLD_ADD.ADD/DSP: DSP48E1 is not using the D port (USE_DPORT = FALSE). For improved power characteristics, set DREG and ADREG to '1', tie CED, CEAD, and RSTD to logic '0'.
Related violations: <none>

AVAL-5#1 Advisory
enum_USE_MULT_NONE_enum_DREG_ADREG_0_connects_CED_CEAD_RSTD_GND  
bd_0_i/hls_inst/inst/mult_accel_core_call_U/grp_mult_accel_core_fu_58/grp_vector_multiply_hw_fu_193/mult_accel_core_ccud_U9/mult_accel_core_call_ap_fmul_2_max_dsp_32_u/U0/i_synth/MULT.OP/R_AND_R/LAT_OPT.FULL.R_AND_R/DSP48E1_SGL_EXP_IP.OLD_ADD.ADD/DSP: DSP48E1 is not using the Multiplier (USE_MULT = NONE). For improved power characteristics, set DREG and ADREG to '1', tie CED, CEAD, and RSTD to logic '0'.
Related violations: <none>

REQP-1725#1 Advisory
DSP_Abus_sign_bit_alert  
bd_0_i/hls_inst/inst/mult_accel_core_call_U/grp_mult_accel_core_fu_58/grp_vector_multiply_hw_fu_193/mult_accel_core_cbkb_U8/mult_accel_core_call_ap_fadd_3_full_dsp_32_u/U0/i_synth/ADDSUB_OP.ADDSUB/SPEED_OP.DSP.OP/DSP48E1_BODY.ALIGN_ADD/DSP2/DSP: When using the PreAdder and USE_DPORT is TRUE, the A operand should be restricted to 24 bit two's complement (and sign extended) to avoid over/underflow in the pre-add stage.
Related violations: <none>


