#-----------------------------------------------------------
# Vivado v2018.3 (64-bit)
# SW Build 2405991 on Thu Dec  6 23:38:27 MST 2018
# IP Build 2404404 on Fri Dec  7 01:43:56 MST 2018
# Start of session at: Mon Jan 16 11:14:55 2023
# Process ID: 24252
# Current directory: C:/Users/AlaiC/Desktop/ASPLC_Projects/only_accelerator
# Command line: vivado.exe -gui_launcher_event rodinguilauncherevent26700 C:\Users\AlaiC\Desktop\ASPLC_Projects\only_accelerator\only_accelerator.xpr
# Log file: C:/Users/AlaiC/Desktop/ASPLC_Projects/only_accelerator/vivado.log
# Journal file: C:/Users/AlaiC/Desktop/ASPLC_Projects/only_accelerator\vivado.jou
#-----------------------------------------------------------
start_gui
open_project C:/Users/AlaiC/Desktop/ASPLC_Projects/only_accelerator/only_accelerator.xpr
INFO: [Project 1-313] Project file moved from 'C:/ASPLC_Projects/only_accelerator' since last save.
Scanning sources...
Finished scanning sources
INFO: [IP_Flow 19-234] Refreshing IP repositories
INFO: [IP_Flow 19-1704] No user IP repositories specified
INFO: [IP_Flow 19-2313] Loaded Vivado IP repository 'D:/Xilinx/Vivado/2018.3/data/ip'.
update_compile_order -fileset sources_1
exit
INFO: [Common 17-206] Exiting Vivado at Mon Jan 16 11:21:14 2023...
