#-----------------------------------------------------------
# Vivado v2018.3 (64-bit)
# SW Build 2405991 on Thu Dec  6 23:38:27 MST 2018
# IP Build 2404404 on Fri Dec  7 01:43:56 MST 2018
# Start of session at: Wed Dec  7 10:52:10 2022
# Process ID: 1992
# Current directory: C:/ASPLC_Projects/only_accelerator
# Command line: vivado.exe -gui_launcher_event rodinguilauncherevent12188 C:\ASPLC_Projects\only_accelerator\only_accelerator.xpr
# Log file: C:/ASPLC_Projects/only_accelerator/vivado.log
# Journal file: C:/ASPLC_Projects/only_accelerator\vivado.jou
#-----------------------------------------------------------
start_gui
open_project C:/ASPLC_Projects/only_accelerator/only_accelerator.xpr
Scanning sources...
Finished scanning sources
INFO: [IP_Flow 19-234] Refreshing IP repositories
INFO: [IP_Flow 19-1704] No user IP repositories specified
INFO: [IP_Flow 19-2313] Loaded Vivado IP repository 'C:/Xilinx/Vivado/2018.3/data/ip'.
open_project: Time (s): cpu = 00:00:21 ; elapsed = 00:00:09 . Memory (MB): peak = 721.621 ; gain = 143.707
update_compile_order -fileset sources_1
exit
INFO: [Common 17-206] Exiting Vivado at Wed Dec  7 10:55:45 2022...
