#-----------------------------------------------------------
# Webtalk v2018.3 (64-bit)
# SW Build 2405991 on Thu Dec  6 23:38:27 MST 2018
# 
# Start of session at: Fri Dec 16 18:38:55 2022
# Process ID: 1244
# Current directory: C:/ASPLC_Projects/project_1/project_1.sdk/webtalk
# Command line: wbtcv.exe -mode batch -source sdk_webtalk.tcl
# Log file: C:/ASPLC_Projects/project_1/project_1.sdk/webtalk/webtalk.log
# Journal file: C:/ASPLC_Projects/project_1/project_1.sdk/webtalk\webtalk.jou
#-----------------------------------------------------------
source sdk_webtalk.tcl
# webtalk_init -webtalk_dir C:\\ASPLC_Projects\\project_1\\project_1.sdk\\webtalk
# webtalk_register_client -client project
# webtalk_add_data -client project -key date_generated -value "2022-12-16 18:38:51" -context "software_version_and_target_device"
# webtalk_add_data -client project -key product_version -value "SDK v2018.3" -context "software_version_and_target_device"
# webtalk_add_data -client project -key build_version -value "2018.3" -context "software_version_and_target_device"
# webtalk_add_data -client project -key os_platform -value "amd64" -context "software_version_and_target_device"
# webtalk_add_data -client project -key registration_id -value "" -context "software_version_and_target_device"
# webtalk_add_data -client project -key tool_flow -value "SDK" -context "software_version_and_target_device"
# webtalk_add_data -client project -key beta -value "false" -context "software_version_and_target_device"
# webtalk_add_data -client project -key route_design -value "NA" -context "software_version_and_target_device"
# webtalk_add_data -client project -key target_family -value "NA" -context "software_version_and_target_device"
# webtalk_add_data -client project -key target_device -value "NA" -context "software_version_and_target_device"
# webtalk_add_data -client project -key target_package -value "NA" -context "software_version_and_target_device"
# webtalk_add_data -client project -key target_speed -value "NA" -context "software_version_and_target_device"
# webtalk_add_data -client project -key random_id -value "s93h3um9ov6vpb2s9op4puitth" -context "software_version_and_target_device"
# webtalk_add_data -client project -key project_id -value "2018.3_22" -context "software_version_and_target_device"
# webtalk_add_data -client project -key project_iteration -value "22" -context "software_version_and_target_device"
# webtalk_add_data -client project -key os_name -value "Microsoft Windows 8 or later , 64-bit" -context "user_environment"
# webtalk_add_data -client project -key os_release -value "major release  (build 9200)" -context "user_environment"
# webtalk_add_data -client project -key cpu_name -value "Intel(R) Core(TM) i5-6200U CPU @ 2.30GHz" -context "user_environment"
# webtalk_add_data -client project -key cpu_speed -value "2400 MHz" -context "user_environment"
# webtalk_add_data -client project -key total_processors -value "1" -context "user_environment"
# webtalk_add_data -client project -key system_ram -value "16.550 GB" -context "user_environment"
# webtalk_register_client -client sdk
# webtalk_add_data -client sdk -key uid -value "1671212172780" -context "sdk\\\\hardware/1671212172780"
# webtalk_add_data -client sdk -key isZynq -value "true" -context "sdk\\\\hardware/1671212172780"
# webtalk_add_data -client sdk -key isZynqMP -value "false" -context "sdk\\\\hardware/1671212172780"
# webtalk_add_data -client sdk -key Processors -value "1" -context "sdk\\\\hardware/1671212172780"
# webtalk_add_data -client sdk -key VivadoVersion -value "2018.3" -context "sdk\\\\hardware/1671212172780"
# webtalk_add_data -client sdk -key Arch -value "zynq" -context "sdk\\\\hardware/1671212172780"
# webtalk_add_data -client sdk -key Device -value "7z007s" -context "sdk\\\\hardware/1671212172780"
# webtalk_add_data -client sdk -key IsHandoff -value "true" -context "sdk\\\\hardware/1671212172780"
# webtalk_add_data -client sdk -key os -value "NA" -context "sdk\\\\hardware/1671212172780"
# webtalk_add_data -client sdk -key apptemplate -value "NA" -context "sdk\\\\hardware/1671212172780"
# webtalk_add_data -client sdk -key RecordType -value "HWCreation" -context "sdk\\\\hardware/1671212172780"
# webtalk_add_data -client sdk -key uid -value "NA" -context "sdk\\\\bsp/1671212331308"
# webtalk_add_data -client sdk -key RecordType -value "ToolUsage" -context "sdk\\\\bsp/1671212331308"
# webtalk_add_data -client sdk -key BootgenCount -value "0" -context "sdk\\\\bsp/1671212331308"
# webtalk_add_data -client sdk -key DebugCount -value "3" -context "sdk\\\\bsp/1671212331308"
# webtalk_add_data -client sdk -key PerfCount -value "0" -context "sdk\\\\bsp/1671212331308"
# webtalk_add_data -client sdk -key FlashCount -value "0" -context "sdk\\\\bsp/1671212331308"
# webtalk_add_data -client sdk -key CrossTriggCount -value "0" -context "sdk\\\\bsp/1671212331308"
# webtalk_add_data -client sdk -key QemuDebugCount -value "0" -context "sdk\\\\bsp/1671212331308"
# webtalk_transmit -clientid 198201380 -regid "" -xml C:\\ASPLC_Projects\\project_1\\project_1.sdk\\webtalk\\usage_statistics_ext_sdk.xml -html C:\\ASPLC_Projects\\project_1\\project_1.sdk\\webtalk\\usage_statistics_ext_sdk.html -wdm C:\\ASPLC_Projects\\project_1\\project_1.sdk\\webtalk\\sdk_webtalk.wdm -intro "<H3>SDK Usage Report</H3><BR>"
# webtalk_terminate
INFO: [Common 17-206] Exiting Webtalk at Fri Dec 16 18:38:57 2022...
