Vivado Simulator 2018.3
Copyright 1986-1999, 2001-2018 Xilinx, Inc. All Rights Reserved.
Running: C:/Xilinx/Vivado/2018.3/bin/unwrapped/win64.o/xelab.exe -wto d7151e23db8945639511bb736d3ddd2a --incr --debug typical --relax --mt 2 -L axi_infrastructure_v1_1_0 -L axi_vip_v1_1_4 -L processing_system7_vip_v1_0_6 -L xil_defaultlib -L lib_pkg_v1_0_2 -L fifo_generator_v13_2_3 -L lib_fifo_v1_0_12 -L lib_srl_fifo_v1_0_2 -L lib_cdc_v1_0_2 -L axi_datamover_v5_1_20 -L axi_sg_v4_1_11 -L axi_dma_v7_1_19 -L proc_sys_reset_v5_0_13 -L xlconstant_v1_1_5 -L smartconnect_v1_0 -L xlconcat_v2_1_1 -L generic_baseblocks_v2_1_0 -L axi_register_slice_v2_1_18 -L axi_data_fifo_v2_1_17 -L axi_crossbar_v2_1_19 -L axi_protocol_converter_v2_1_18 -L xilinx_vip -L unisims_ver -L unimacro_ver -L secureip -L xpm --snapshot design_1_wrapper_behav xil_defaultlib.design_1_wrapper xil_defaultlib.glbl -log elaborate.log 
Using 2 slave threads.
Starting static elaboration
WARNING: [VRFC 10-3091] actual bit length 2 differs from formal bit length 16 for port 'IRQ_F2P' [C:/ASPLC_Projects/project_1/project_1.ip_user_files/bd/design_1/ip/design_1_processing_system7_0_0/sim/design_1_processing_system7_0_0.v:733]
WARNING: [VRFC 10-3091] actual bit length 128 differs from formal bit length 64 for port 'WR_DATA_STRB' [/proj/xbuilds/2018.3_1207_2324/infra/XSIM/lin/.cxl.ip/incl/processing_system7_vip_v1_0_6_axi_gp.v:208]
WARNING: [VRFC 10-3091] actual bit length 12 differs from formal bit length 6 for port 'm_axi_bid' [/wrk/2018.3/nightly/2018_12_06_2405991/packages/customer/vivado/data/ip/xilinx/processing_system7_vip_v1_0/hdl/processing_system7_vip_v1_0_vl_rfs.sv:5463]
WARNING: [VRFC 10-3091] actual bit length 12 differs from formal bit length 6 for port 'm_axi_rid' [/wrk/2018.3/nightly/2018_12_06_2405991/packages/customer/vivado/data/ip/xilinx/processing_system7_vip_v1_0/hdl/processing_system7_vip_v1_0_vl_rfs.sv:5481]
WARNING: [VRFC 10-3091] actual bit length 128 differs from formal bit length 64 for port 'WR_DATA_STRB' [/proj/xbuilds/2018.3_1207_2324/infra/XSIM/lin/.cxl.ip/incl/processing_system7_vip_v1_0_6_axi_gp.v:292]
WARNING: [VRFC 10-3091] actual bit length 8 differs from formal bit length 9 for port 'WR_BYTES' [/proj/xbuilds/2018.3_1207_2324/infra/XSIM/lin/.cxl.ip/incl/processing_system7_vip_v1_0_6_axi_hp.v:80]
WARNING: [VRFC 10-3091] actual bit length 8 differs from formal bit length 9 for port 'RD_BYTES' [/proj/xbuilds/2018.3_1207_2324/infra/XSIM/lin/.cxl.ip/incl/processing_system7_vip_v1_0_6_axi_hp.v:89]
WARNING: [VRFC 10-3091] actual bit length 12 differs from formal bit length 6 for port 'm_axi_bid' [/wrk/2018.3/nightly/2018_12_06_2405991/packages/customer/vivado/data/ip/xilinx/processing_system7_vip_v1_0/hdl/processing_system7_vip_v1_0_vl_rfs.sv:10170]
WARNING: [VRFC 10-3091] actual bit length 12 differs from formal bit length 6 for port 'm_axi_rid' [/wrk/2018.3/nightly/2018_12_06_2405991/packages/customer/vivado/data/ip/xilinx/processing_system7_vip_v1_0/hdl/processing_system7_vip_v1_0_vl_rfs.sv:10188]
WARNING: [VRFC 10-3091] actual bit length 32 differs from formal bit length 64 for port 'm_axi_rdata' [/wrk/2018.3/nightly/2018_12_06_2405991/packages/customer/vivado/data/ip/xilinx/processing_system7_vip_v1_0/hdl/processing_system7_vip_v1_0_vl_rfs.sv:10189]
WARNING: [VRFC 10-3091] actual bit length 8 differs from formal bit length 9 for port 'WR_BYTES' [/proj/xbuilds/2018.3_1207_2324/infra/XSIM/lin/.cxl.ip/incl/processing_system7_vip_v1_0_6_axi_hp.v:165]
WARNING: [VRFC 10-3091] actual bit length 8 differs from formal bit length 9 for port 'RD_BYTES' [/proj/xbuilds/2018.3_1207_2324/infra/XSIM/lin/.cxl.ip/incl/processing_system7_vip_v1_0_6_axi_hp.v:174]
WARNING: [VRFC 10-3091] actual bit length 8 differs from formal bit length 9 for port 'WR_BYTES' [/proj/xbuilds/2018.3_1207_2324/infra/XSIM/lin/.cxl.ip/incl/processing_system7_vip_v1_0_6_axi_hp.v:251]
WARNING: [VRFC 10-3091] actual bit length 8 differs from formal bit length 9 for port 'RD_BYTES' [/proj/xbuilds/2018.3_1207_2324/infra/XSIM/lin/.cxl.ip/incl/processing_system7_vip_v1_0_6_axi_hp.v:260]
WARNING: [VRFC 10-3091] actual bit length 8 differs from formal bit length 9 for port 'WR_BYTES' [/proj/xbuilds/2018.3_1207_2324/infra/XSIM/lin/.cxl.ip/incl/processing_system7_vip_v1_0_6_axi_hp.v:337]
WARNING: [VRFC 10-3091] actual bit length 8 differs from formal bit length 9 for port 'RD_BYTES' [/proj/xbuilds/2018.3_1207_2324/infra/XSIM/lin/.cxl.ip/incl/processing_system7_vip_v1_0_6_axi_hp.v:346]
WARNING: [VRFC 10-3091] actual bit length 12 differs from formal bit length 3 for port 'm_axi_bid' [/wrk/2018.3/nightly/2018_12_06_2405991/packages/customer/vivado/data/ip/xilinx/processing_system7_vip_v1_0/hdl/processing_system7_vip_v1_0_vl_rfs.sv:7074]
WARNING: [VRFC 10-3091] actual bit length 12 differs from formal bit length 3 for port 'm_axi_rid' [/wrk/2018.3/nightly/2018_12_06_2405991/packages/customer/vivado/data/ip/xilinx/processing_system7_vip_v1_0/hdl/processing_system7_vip_v1_0_vl_rfs.sv:7092]
WARNING: [VRFC 10-3091] actual bit length 32 differs from formal bit length 64 for port 'm_axi_rdata' [/wrk/2018.3/nightly/2018_12_06_2405991/packages/customer/vivado/data/ip/xilinx/processing_system7_vip_v1_0/hdl/processing_system7_vip_v1_0_vl_rfs.sv:7093]
WARNING: [VRFC 10-3027] 'ocm_wr_strb_port0' was previously declared with a different range [/wrk/2018.3/nightly/2018_12_06_2405991/packages/customer/vivado/data/ip/xilinx/processing_system7_vip_v1_0/hdl/processing_system7_vip_v1_0_vl_rfs.sv:3726]
WARNING: [VRFC 10-3283] element index 64 into 'wrp_strb' is out of bounds [/wrk/2018.3/nightly/2018_12_06_2405991/packages/customer/vivado/data/ip/xilinx/processing_system7_vip_v1_0/hdl/processing_system7_vip_v1_0_vl_rfs.sv:6051]
WARNING: [VRFC 10-3283] element index 128 into 'wrp_strb' is out of bounds [/wrk/2018.3/nightly/2018_12_06_2405991/packages/customer/vivado/data/ip/xilinx/processing_system7_vip_v1_0/hdl/processing_system7_vip_v1_0_vl_rfs.sv:10811]
WARNING: [VRFC 10-3283] element index 128 into 'wrp_strb' is out of bounds [/wrk/2018.3/nightly/2018_12_06_2405991/packages/customer/vivado/data/ip/xilinx/processing_system7_vip_v1_0/hdl/processing_system7_vip_v1_0_vl_rfs.sv:7689]
WARNING: [VRFC 10-3705] select index 4 into 'wr_fifo_rd_ptr' is out of bounds [/wrk/2018.3/nightly/2018_12_06_2405991/packages/customer/vivado/data/ip/xilinx/processing_system7_vip_v1_0/hdl/processing_system7_vip_v1_0_vl_rfs.sv:7902]
WARNING: [VRFC 10-3705] select index 4 into 'ar_cnt' is out of bounds [/wrk/2018.3/nightly/2018_12_06_2405991/packages/customer/vivado/data/ip/xilinx/processing_system7_vip_v1_0/hdl/processing_system7_vip_v1_0_vl_rfs.sv:8041]
WARNING: [VRFC 10-3705] select index 4 into 'wr_rresp_cnt' is out of bounds [/wrk/2018.3/nightly/2018_12_06_2405991/packages/customer/vivado/data/ip/xilinx/processing_system7_vip_v1_0/hdl/processing_system7_vip_v1_0_vl_rfs.sv:8138]
WARNING: [VRFC 10-3705] select index 4 into 'rd_fifo_wr_ptr' is out of bounds [/wrk/2018.3/nightly/2018_12_06_2405991/packages/customer/vivado/data/ip/xilinx/processing_system7_vip_v1_0/hdl/processing_system7_vip_v1_0_vl_rfs.sv:8157]
WARNING: [VRFC 10-3705] select index 4 into 'rd_cnt' is out of bounds [/wrk/2018.3/nightly/2018_12_06_2405991/packages/customer/vivado/data/ip/xilinx/processing_system7_vip_v1_0/hdl/processing_system7_vip_v1_0_vl_rfs.sv:8298]
WARNING: [VRFC 10-3705] select index 4 into 'rresp_time_cnt' is out of bounds [/wrk/2018.3/nightly/2018_12_06_2405991/packages/customer/vivado/data/ip/xilinx/processing_system7_vip_v1_0/hdl/processing_system7_vip_v1_0_vl_rfs.sv:8303]
WARNING: [VRFC 10-3705] select index 4 into 'rd_fifo_rd_ptr' is out of bounds [/wrk/2018.3/nightly/2018_12_06_2405991/packages/customer/vivado/data/ip/xilinx/processing_system7_vip_v1_0/hdl/processing_system7_vip_v1_0_vl_rfs.sv:8308]
Completed static elaboration
Starting simulation data flow analysis
Completed simulation data flow analysis
Time Resolution for simulation is 1ps
Compiling package std.standard
Compiling package std.textio
Compiling package ieee.std_logic_1164
Compiling package ieee.numeric_std
Compiling package synopsys.attributes
Compiling package ieee.std_logic_misc
Compiling package unisim.vcomponents
Compiling package ieee.std_logic_arith
Compiling package ieee.std_logic_unsigned
Compiling package lib_pkg_v1_0_2.lib_pkg
Compiling package axi_dma_v7_1_19.axi_dma_pkg
Compiling package ieee.vital_timing
Compiling package ieee.vital_primitives
Compiling package unisim.vpkg
Compiling package axi_sg_v4_1_11.axi_sg_pkg
Compiling package xpm.vcomponents
Compiling package smartconnect_v1_0.sc_util_v1_0_4_pkg
Compiling package xilinx_vip.axi_vip_pkg
Compiling package xilinx_vip.xil_common_vip_pkg
Compiling package std.std
Compiling architecture implementation of entity axi_sg_v4_1_11.axi_sg_updt_sm [\axi_sg_updt_sm(c_sg_ch1_words_t...]
Compiling architecture implementation of entity axi_sg_v4_1_11.axi_sg_updt_cmdsts_if [axi_sg_updt_cmdsts_if_default]
Compiling architecture implementation of entity axi_sg_v4_1_11.axi_sg_updt_mngr [\axi_sg_updt_mngr(c_sg_ch1_words...]
Compiling architecture implementation of entity axi_sg_v4_1_11.axi_sg_updt_queue [\axi_sg_updt_queue(c_sg_updt_des...]
Compiling architecture implementation of entity axi_sg_v4_1_11.axi_sg_updt_q_mngr [\axi_sg_updt_q_mngr(c_sg_updt_de...]
Compiling architecture implementation of entity axi_sg_v4_1_11.axi_sg_intrpt [axi_sg_intrpt_default]
Compiling architecture implementation of entity axi_sg_v4_1_11.axi_sg_ftch_sm [\axi_sg_ftch_sm(c_sg_ftch_desc2q...]
Compiling architecture implementation of entity axi_sg_v4_1_11.axi_sg_ftch_pntr [axi_sg_ftch_pntr_default]
Compiling architecture implementation of entity axi_sg_v4_1_11.axi_sg_ftch_cmdsts_if [axi_sg_ftch_cmdsts_if_default]
Compiling architecture implementation of entity axi_sg_v4_1_11.axi_sg_ftch_mngr [\axi_sg_ftch_mngr(c_sg_ftch_desc...]
Compiling architecture implementation of entity axi_sg_v4_1_11.axi_sg_ftch_queue [\axi_sg_ftch_queue(c_sg_ftch_des...]
Compiling architecture implementation of entity axi_sg_v4_1_11.axi_sg_ftch_q_mngr [\axi_sg_ftch_q_mngr(c_sg_ftch_de...]
Compiling architecture implementation of entity axi_sg_v4_1_11.axi_sg_reset [axi_sg_reset_default]
Compiling architecture imp of entity axi_sg_v4_1_11.axi_sg_fifo [\axi_sg_fifo(c_dwidth=68,c_depth...]
Compiling architecture imp of entity axi_sg_v4_1_11.axi_sg_fifo [\axi_sg_fifo(c_dwidth=8,c_depth=...]
Compiling architecture implementation of entity axi_sg_v4_1_11.axi_sg_cmd_status [\axi_sg_cmd_status(c_stscmd_fifo...]
Compiling architecture implementation of entity axi_sg_v4_1_11.axi_sg_rd_status_cntl [axi_sg_rd_status_cntl_default]
Compiling architecture implementation of entity axi_sg_v4_1_11.axi_sg_scc [\axi_sg_scc(c_sel_addr_width=2,c...]
Compiling architecture implementation of entity axi_sg_v4_1_11.axi_sg_addr_cntl [\axi_sg_addr_cntl(c_addr_fifo_de...]
Compiling architecture implementation of entity axi_sg_v4_1_11.axi_sg_rddata_cntl [\axi_sg_rddata_cntl(c_align_widt...]
Compiling architecture implementation of entity axi_sg_v4_1_11.axi_sg_mm2s_basic_wrap [\axi_sg_mm2s_basic_wrap(c_mm2s_a...]
Compiling architecture behavioral of entity lib_srl_fifo_v1_0_2.dynshreg_f [\dynshreg_f(c_depth=3,c_dwidth=7...]
Compiling architecture imp of entity lib_srl_fifo_v1_0_2.srl_fifo_rbu_f [\srl_fifo_rbu_f(c_dwidth=7,c_dep...]
Compiling architecture imp of entity lib_srl_fifo_v1_0_2.srl_fifo_f [\srl_fifo_f(c_dwidth=7,c_depth=3...]
Compiling architecture imp of entity axi_sg_v4_1_11.axi_sg_fifo [\axi_sg_fifo(c_dwidth=7,c_depth=...]
Compiling architecture imp of entity lib_srl_fifo_v1_0_2.cntr_incr_decr_addn_f [\cntr_incr_decr_addn_f(c_size=3,...]
Compiling architecture behavioral of entity lib_srl_fifo_v1_0_2.dynshreg_f [\dynshreg_f(c_depth=3,c_dwidth=2...]
Compiling architecture imp of entity lib_srl_fifo_v1_0_2.srl_fifo_rbu_f [\srl_fifo_rbu_f(c_dwidth=2,c_dep...]
Compiling architecture imp of entity lib_srl_fifo_v1_0_2.srl_fifo_f [\srl_fifo_f(c_dwidth=2,c_depth=3...]
Compiling architecture imp of entity axi_sg_v4_1_11.axi_sg_fifo [\axi_sg_fifo(c_dwidth=2,c_depth=...]
Compiling architecture implementation of entity axi_sg_v4_1_11.axi_sg_wr_status_cntl [\axi_sg_wr_status_cntl(c_sts_fif...]
Compiling architecture implementation of entity axi_sg_v4_1_11.axi_sg_scc_wr [\axi_sg_scc_wr(c_sel_addr_width=...]
Compiling architecture implementation of entity axi_sg_v4_1_11.axi_sg_addr_cntl [\axi_sg_addr_cntl(c_addr_fifo_de...]
Compiling architecture implementation of entity axi_sg_v4_1_11.axi_sg_wrdata_cntl [\axi_sg_wrdata_cntl(c_sel_addr_w...]
Compiling architecture implementation of entity axi_sg_v4_1_11.axi_sg_s2mm_basic_wrap [\axi_sg_s2mm_basic_wrap(c_s2mm_a...]
Compiling architecture implementation of entity axi_sg_v4_1_11.axi_sg_datamover [\axi_sg_datamover(c_include_mm2s...]
Compiling architecture implementation of entity axi_sg_v4_1_11.axi_sg [\axi_sg(c_sg_ftch_desc2queue=4,c...]
Compiling architecture implementation of entity axi_dma_v7_1_19.axi_dma_mm2s_sm [\axi_dma_mm2s_sm(c_sg_include_de...]
Compiling architecture imp of entity lib_srl_fifo_v1_0_2.cntr_incr_decr_addn_f [\cntr_incr_decr_addn_f(c_size=5,...]
Compiling architecture behavioral of entity lib_srl_fifo_v1_0_2.dynshreg_f [\dynshreg_f(c_depth=16,c_dwidth=...]
Compiling architecture imp of entity lib_srl_fifo_v1_0_2.srl_fifo_rbu_f [\srl_fifo_rbu_f(c_dwidth=26,c_fa...]
Compiling architecture imp of entity lib_srl_fifo_v1_0_2.srl_fifo_f [\srl_fifo_f(c_dwidth=26,c_family...]
Compiling architecture implementation of entity axi_dma_v7_1_19.axi_dma_mm2s_sg_if [\axi_dma_mm2s_sg_if(c_sg_include...]
Compiling architecture implementation of entity axi_dma_v7_1_19.axi_dma_mm2s_cmdsts_if [\axi_dma_mm2s_cmdsts_if(c_extra=...]
Compiling architecture implementation of entity axi_dma_v7_1_19.axi_dma_mm2s_sts_mngr [axi_dma_mm2s_sts_mngr_default]
Compiling architecture implementation of entity axi_dma_v7_1_19.axi_dma_mm2s_mngr [\axi_dma_mm2s_mngr(c_prmy_cmdfif...]
Compiling architecture implementation of entity axi_dma_v7_1_19.axi_dma_sofeof_gen [axi_dma_sofeof_gen_default]
Compiling architecture implementation of entity axi_dma_v7_1_19.axi_dma_s2mm_sm [\axi_dma_s2mm_sm(c_sg_include_st...]
Compiling architecture implementation of entity axi_dma_v7_1_19.axi_dma_s2mm_sg_if [\axi_dma_s2mm_sg_if(c_sg_include...]
Compiling architecture implementation of entity axi_dma_v7_1_19.axi_dma_s2mm_cmdsts_if [\axi_dma_s2mm_cmdsts_if(c_dm_sta...]
Compiling architecture implementation of entity axi_dma_v7_1_19.axi_dma_s2mm_sts_mngr [axi_dma_s2mm_sts_mngr_default]
Compiling architecture implementation of entity axi_dma_v7_1_19.axi_dma_s2mm_mngr [\axi_dma_s2mm_mngr(c_prmy_cmdfif...]
Compiling architecture implementation of entity axi_dma_v7_1_19.axi_dma_reset [\axi_dma_reset(c_sg_include_stsc...]
Compiling architecture fdre_v of entity unisim.FDRE [fdre_default]
Compiling architecture fdr_v of entity unisim.FDR [fdr_default]
Compiling architecture implementation of entity lib_cdc_v1_0_2.cdc_sync [\cdc_sync(c_mtbf_stages=4)\]
Compiling architecture implementation of entity axi_dma_v7_1_19.axi_dma_rst_module [\axi_dma_rst_module(c_sg_include...]
Compiling architecture implementation of entity lib_cdc_v1_0_2.cdc_sync [\cdc_sync(c_single_bit=0,c_vecto...]
Compiling architecture implementation of entity lib_cdc_v1_0_2.cdc_sync [\cdc_sync(c_single_bit=0,c_mtbf_...]
Compiling architecture implementation of entity lib_cdc_v1_0_2.cdc_sync [\cdc_sync(c_single_bit=0,c_vecto...]
Compiling architecture implementation of entity lib_cdc_v1_0_2.cdc_sync [\cdc_sync(c_vector_width=10,c_mt...]
Compiling architecture implementation of entity lib_cdc_v1_0_2.cdc_sync [\cdc_sync(c_single_bit=0,c_mtbf_...]
Compiling architecture implementation of entity axi_dma_v7_1_19.axi_dma_lite_if [\axi_dma_lite_if(c_num_ce=23,c_a...]
Compiling architecture implementation of entity axi_dma_v7_1_19.axi_dma_register [\axi_dma_register(c_num_register...]
Compiling architecture implementation of entity axi_dma_v7_1_19.axi_dma_register_s2mm [\axi_dma_register_s2mm(c_num_reg...]
Compiling architecture implementation of entity axi_dma_v7_1_19.axi_dma_reg_module [\axi_dma_reg_module(c_axi_lite_i...]
Compiling architecture behavioral of entity lib_srl_fifo_v1_0_2.dynshreg_f [\dynshreg_f(c_depth=4,c_dwidth=8...]
Compiling architecture imp of entity lib_srl_fifo_v1_0_2.srl_fifo_rbu_f [\srl_fifo_rbu_f(c_dwidth=8,c_dep...]
Compiling architecture imp of entity lib_srl_fifo_v1_0_2.srl_fifo_f [\srl_fifo_f(c_dwidth=8,c_depth=4...]
Compiling architecture imp of entity axi_datamover_v5_1_20.axi_datamover_fifo [\axi_datamover_fifo(c_dwidth=8,c...]
Compiling module xpm.xpm_fifo_rst_default
Compiling module xpm.xpm_fifo_reg_bit
Compiling module xpm.xpm_counter_updn(COUNTER_WIDTH=8...
Compiling module xpm.xpm_counter_updn(COUNTER_WIDTH=7...
Compiling module xpm.xpm_counter_updn(COUNTER_WIDTH=7...
Compiling module xpm.xpm_counter_updn(COUNTER_WIDTH=7...
Compiling module xpm.xpm_memory_base(MEMORY_TYPE=1,ME...
Compiling module xpm.xpm_counter_updn(COUNTER_WIDTH=2...
Compiling module xpm.xpm_fifo_base(FIFO_MEMORY_TYPE=2...
Compiling module xpm.xpm_fifo_sync(FIFO_MEMORY_TYPE="...
Compiling architecture implementation of entity lib_fifo_v1_0_12.sync_fifo_fg [\sync_fifo_fg(c_family="zynq",c_...]
Compiling architecture imp of entity axi_datamover_v5_1_20.axi_datamover_sfifo_autord [\axi_datamover_sfifo_autord(c_dw...]
Compiling architecture implementation of entity axi_datamover_v5_1_20.axi_datamover_rd_sf [\axi_datamover_rd_sf(c_sf_fifo_d...]
Compiling architecture implementation of entity axi_datamover_v5_1_20.axi_datamover_skid_buf [axi_datamover_skid_buf_default]
Compiling architecture implementation of entity axi_datamover_v5_1_20.axi_datamover_reset [axi_datamover_reset_default]
Compiling architecture imp of entity axi_datamover_v5_1_20.axi_datamover_fifo [\axi_datamover_fifo(c_dwidth=8,c...]
Compiling architecture imp of entity axi_datamover_v5_1_20.axi_datamover_fifo [\axi_datamover_fifo(c_dwidth=71,...]
Compiling architecture implementation of entity axi_datamover_v5_1_20.axi_datamover_cmd_status [\axi_datamover_cmd_status(c_stsc...]
Compiling architecture implementation of entity axi_datamover_v5_1_20.axi_datamover_rd_status_cntl [axi_datamover_rd_status_cntl_def...]
Compiling architecture implementation of entity axi_datamover_v5_1_20.axi_datamover_strb_gen2 [\axi_datamover_strb_gen2(c_strb_...]
Compiling architecture implementation of entity axi_datamover_v5_1_20.axi_datamover_strb_gen2 [\axi_datamover_strb_gen2(c_op_mo...]
Compiling architecture implementation of entity axi_datamover_v5_1_20.axi_datamover_pcc [\axi_datamover_pcc(c_is_mm2s=1,c...]
Compiling architecture behavioral of entity lib_srl_fifo_v1_0_2.dynshreg_f [\dynshreg_f(c_depth=4,c_dwidth=5...]
Compiling architecture imp of entity lib_srl_fifo_v1_0_2.srl_fifo_rbu_f [\srl_fifo_rbu_f(c_dwidth=59,c_de...]
Compiling architecture imp of entity lib_srl_fifo_v1_0_2.srl_fifo_f [\srl_fifo_f(c_dwidth=59,c_depth=...]
Compiling architecture imp of entity axi_datamover_v5_1_20.axi_datamover_fifo [\axi_datamover_fifo(c_dwidth=59,...]
Compiling architecture implementation of entity axi_datamover_v5_1_20.axi_datamover_addr_cntl [\axi_datamover_addr_cntl(c_famil...]
Compiling architecture behavioral of entity lib_srl_fifo_v1_0_2.dynshreg_f [\dynshreg_f(c_depth=4,c_dwidth=2...]
Compiling architecture imp of entity lib_srl_fifo_v1_0_2.srl_fifo_rbu_f [\srl_fifo_rbu_f(c_dwidth=29,c_de...]
Compiling architecture imp of entity lib_srl_fifo_v1_0_2.srl_fifo_f [\srl_fifo_f(c_dwidth=29,c_depth=...]
Compiling architecture imp of entity axi_datamover_v5_1_20.axi_datamover_fifo [\axi_datamover_fifo(c_dwidth=29,...]
Compiling architecture implementation of entity axi_datamover_v5_1_20.axi_datamover_rdmux [\axi_datamover_rdmux(c_sel_addr_...]
Compiling architecture implementation of entity axi_datamover_v5_1_20.axi_datamover_rddata_cntl [\axi_datamover_rddata_cntl(c_ali...]
Compiling architecture implementation of entity axi_datamover_v5_1_20.axi_datamover_mm2s_full_wrap [\axi_datamover_mm2s_full_wrap(c_...]
Compiling architecture implementation of entity axi_datamover_v5_1_20.axi_datamover_ibttcc [\axi_datamover_ibttcc(c_sf_xfer_...]
Compiling architecture implementation of entity axi_datamover_v5_1_20.axi_datamover_ms_strb_set [\axi_datamover_ms_strb_set(c_str...]
Compiling architecture implementation of entity axi_datamover_v5_1_20.axi_datamover_mssai_skid_buf [axi_datamover_mssai_skid_buf_def...]
Compiling architecture working of entity axi_datamover_v5_1_20.axi_datamover_slice [\axi_datamover_slice(c_data_widt...]
Compiling architecture behavioral of entity lib_srl_fifo_v1_0_2.dynshreg_f [\dynshreg_f(c_depth=16,c_dwidth=...]
Compiling architecture imp of entity lib_srl_fifo_v1_0_2.srl_fifo_rbu_f [\srl_fifo_rbu_f(c_dwidth=9,c_fam...]
Compiling architecture imp of entity lib_srl_fifo_v1_0_2.srl_fifo_f [\srl_fifo_f(c_dwidth=9,c_family=...]
Compiling architecture imp of entity axi_datamover_v5_1_20.axi_datamover_fifo [\axi_datamover_fifo(c_dwidth=9,c...]
Compiling architecture implementation of entity axi_datamover_v5_1_20.axi_datamover_s2mm_scatter [\axi_datamover_s2mm_scatter(c_en...]
Compiling architecture behavioral of entity lib_srl_fifo_v1_0_2.dynshreg_f [\dynshreg_f(c_depth=4,c_dwidth=2...]
Compiling architecture imp of entity lib_srl_fifo_v1_0_2.srl_fifo_rbu_f [\srl_fifo_rbu_f(c_dwidth=25,c_de...]
Compiling architecture imp of entity lib_srl_fifo_v1_0_2.srl_fifo_f [\srl_fifo_f(c_dwidth=25,c_depth=...]
Compiling architecture imp of entity axi_datamover_v5_1_20.axi_datamover_fifo [\axi_datamover_fifo(c_dwidth=25,...]
Compiling architecture implementation of entity axi_datamover_v5_1_20.axi_datamover_s2mm_realign [\axi_datamover_s2mm_realign(c_en...]
Compiling architecture implementation of entity axi_datamover_v5_1_20.axi_datamover_stbs_set_nodre [\axi_datamover_stbs_set_nodre(c_...]
Compiling architecture implementation of entity axi_datamover_v5_1_20.axi_datamover_skid_buf [\axi_datamover_skid_buf(c_wdata_...]
Compiling module xpm.xpm_fifo_rst_default_1
Compiling module xpm.xpm_counter_updn(COUNTER_WIDTH=5...
Compiling module xpm.xpm_counter_updn(RESET_VALUE=1)
Compiling module xpm.xpm_counter_updn(RESET_VALUE=2)
Compiling module xpm.xpm_counter_updn(RESET_VALUE=3)
Compiling module xpm.xpm_memory_base(MEMORY_TYPE=1,ME...
Compiling module xpm.xpm_fifo_base(FIFO_WRITE_DEPTH=1...
Compiling module xpm.xpm_fifo_sync(FIFO_MEMORY_TYPE="...
Compiling architecture implementation of entity lib_fifo_v1_0_12.sync_fifo_fg [\sync_fifo_fg(c_family="zynq",c_...]
Compiling architecture imp of entity axi_datamover_v5_1_20.axi_datamover_sfifo_autord [\axi_datamover_sfifo_autord(c_dw...]
Compiling module xpm.xpm_fifo_rst_default_2
Compiling module xpm.xpm_memory_base(MEMORY_TYPE=1,ME...
Compiling module xpm.xpm_fifo_base(FIFO_MEMORY_TYPE=2...
Compiling module xpm.xpm_fifo_sync(FIFO_MEMORY_TYPE="...
Compiling architecture implementation of entity lib_fifo_v1_0_12.sync_fifo_fg [\sync_fifo_fg(c_family="zynq",c_...]
Compiling architecture imp of entity axi_datamover_v5_1_20.axi_datamover_sfifo_autord [\axi_datamover_sfifo_autord(c_dw...]
Compiling architecture implementation of entity axi_datamover_v5_1_20.axi_datamover_indet_btt [\axi_datamover_indet_btt(c_ibtt_...]
Compiling architecture imp of entity axi_datamover_v5_1_20.axi_datamover_fifo [\axi_datamover_fifo(c_dwidth=35,...]
Compiling architecture implementation of entity axi_datamover_v5_1_20.axi_datamover_cmd_status [\axi_datamover_cmd_status(c_stsc...]
Compiling architecture behavioral of entity lib_srl_fifo_v1_0_2.dynshreg_f [\dynshreg_f(c_depth=6,c_dwidth=2...]
Compiling architecture imp of entity lib_srl_fifo_v1_0_2.srl_fifo_rbu_f [\srl_fifo_rbu_f(c_dwidth=21,c_de...]
Compiling architecture imp of entity lib_srl_fifo_v1_0_2.srl_fifo_f [\srl_fifo_f(c_dwidth=21,c_depth=...]
Compiling architecture imp of entity axi_datamover_v5_1_20.axi_datamover_fifo [\axi_datamover_fifo(c_dwidth=21,...]
Compiling architecture imp of entity lib_srl_fifo_v1_0_2.cntr_incr_decr_addn_f [\cntr_incr_decr_addn_f(c_size=4,...]
Compiling architecture behavioral of entity lib_srl_fifo_v1_0_2.dynshreg_f [\dynshreg_f(c_depth=6,c_dwidth=2...]
Compiling architecture imp of entity lib_srl_fifo_v1_0_2.srl_fifo_rbu_f [\srl_fifo_rbu_f(c_dwidth=2,c_dep...]
Compiling architecture imp of entity lib_srl_fifo_v1_0_2.srl_fifo_f [\srl_fifo_f(c_dwidth=2,c_depth=6...]
Compiling architecture imp of entity axi_datamover_v5_1_20.axi_datamover_fifo [\axi_datamover_fifo(c_dwidth=2,c...]
Compiling architecture implementation of entity axi_datamover_v5_1_20.axi_datamover_wr_status_cntl [\axi_datamover_wr_status_cntl(c_...]
Compiling architecture implementation of entity axi_datamover_v5_1_20.axi_datamover_addr_cntl [\axi_datamover_addr_cntl(c_addr_...]
Compiling architecture behavioral of entity lib_srl_fifo_v1_0_2.dynshreg_f [\dynshreg_f(c_depth=4,c_dwidth=2...]
Compiling architecture imp of entity lib_srl_fifo_v1_0_2.srl_fifo_rbu_f [\srl_fifo_rbu_f(c_dwidth=27,c_de...]
Compiling architecture imp of entity lib_srl_fifo_v1_0_2.srl_fifo_f [\srl_fifo_f(c_dwidth=27,c_depth=...]
Compiling architecture imp of entity axi_datamover_v5_1_20.axi_datamover_fifo [\axi_datamover_fifo(c_dwidth=27,...]
Compiling architecture implementation of entity axi_datamover_v5_1_20.axi_datamover_wrdata_cntl [\axi_datamover_wrdata_cntl(c_rea...]
Compiling architecture implementation of entity axi_datamover_v5_1_20.axi_datamover_wr_demux [\axi_datamover_wr_demux(c_sel_ad...]
Compiling architecture implementation of entity axi_datamover_v5_1_20.axi_datamover_skid2mm_buf [\axi_datamover_skid2mm_buf(c_add...]
Compiling architecture implementation of entity axi_datamover_v5_1_20.axi_datamover_s2mm_full_wrap [\axi_datamover_s2mm_full_wrap(c_...]
Compiling architecture implementation of entity axi_datamover_v5_1_20.axi_datamover [\axi_datamover(c_include_mm2s=1,...]
Compiling architecture implementation of entity axi_dma_v7_1_19.axi_dma [\axi_dma(c_sg_include_stscntrl_s...]
Compiling architecture design_1_axi_dma_0_0_arch of entity xil_defaultlib.design_1_axi_dma_0_0 [design_1_axi_dma_0_0_default]
Compiling module xlconstant_v1_1_5.xlconstant_v1_1_5_xlconstant(CON...
Compiling module xil_defaultlib.bd_afc3_one_0
Compiling architecture fdre_v of entity unisim.FDRE [\FDRE(init='1')\]
Compiling architecture implementation of entity lib_cdc_v1_0_2.cdc_sync [\cdc_sync(c_vector_width=2,c_mtb...]
Compiling architecture srl16e_v of entity unisim.SRL16E [\SRL16E(init="1111111111111111")...]
Compiling architecture srl16_v of entity unisim.SRL16 [\SRL16(init="1111111111111111")(...]
Compiling architecture imp of entity proc_sys_reset_v5_0_13.lpf [\lpf(c_ext_rst_width=4,c_aux_rst...]
Compiling architecture imp of entity proc_sys_reset_v5_0_13.upcnt_n [\upcnt_n(c_size=6)\]
Compiling architecture imp of entity proc_sys_reset_v5_0_13.sequence_psr [sequence_psr_default]
Compiling architecture imp of entity proc_sys_reset_v5_0_13.proc_sys_reset [\proc_sys_reset(c_family="zynq",...]
Compiling architecture bd_afc3_psr_aclk_0_arch of entity xil_defaultlib.bd_afc3_psr_aclk_0 [bd_afc3_psr_aclk_0_default]
Compiling module xil_defaultlib.clk_map_imp_5Y9LOC
Compiling module smartconnect_v1_0.sc_util_v1_0_4_srl_rtl(C_A_WIDTH...
Compiling module smartconnect_v1_0.sc_util_v1_0_4_axic_reg_srl_fifo...
Compiling module smartconnect_v1_0.sc_util_v1_0_4_axic_reg_srl_fifo...
Compiling module smartconnect_v1_0.sc_util_v1_0_4_axic_reg_srl_fifo...
Compiling module smartconnect_v1_0.sc_util_v1_0_4_axi2vector(C_ID_W...
Compiling module smartconnect_v1_0.sc_util_v1_0_4_vector2axi(C_RDAT...
Compiling module smartconnect_v1_0.sc_util_v1_0_4_axi_reg_stall(C_R...
Compiling module smartconnect_v1_0.sc_util_v1_0_4_axi_reg_stall_def...
Compiling module smartconnect_v1_0.sc_exit_v1_0_8_axi3_conv(C_ID_WI...
Compiling module smartconnect_v1_0.sc_exit_v1_0_8_splitter(C_RDATA_...
Compiling module smartconnect_v1_0.sc_util_v1_0_4_axic_reg_srl_fifo...
Compiling module smartconnect_v1_0.sc_util_v1_0_4_axic_reg_srl_fifo...
Compiling module smartconnect_v1_0.sc_exit_v1_0_8_exit(C_FAMILY="zy...
Compiling module smartconnect_v1_0.sc_util_v1_0_4_axi2vector(C_RDAT...
Compiling module smartconnect_v1_0.sc_util_v1_0_4_vector2axi(C_RDAT...
Compiling module smartconnect_v1_0.sc_exit_v1_0_8_top(C_FAMILY="zyn...
Compiling module xil_defaultlib.bd_afc3_m00e_0
Compiling module xil_defaultlib.m00_exit_pipeline_imp_1TZX5BB
Compiling module smartconnect_v1_0.sc_util_v1_0_4_axic_register_sli...
Compiling module smartconnect_v1_0.sc_util_v1_0_4_pipeline_default
Compiling module smartconnect_v1_0.sc_util_v1_0_4_counter(C_WIDTH=2...
Compiling module smartconnect_v1_0.sc_node_v1_0_10_arb_alg_rr(C_NUM...
Compiling module smartconnect_v1_0.sc_node_v1_0_10_si_handler(C_NUM...
Compiling module smartconnect_v1_0.sc_util_v1_0_4_pipeline(C_DEPTH=...
Compiling module smartconnect_v1_0.sc_util_v1_0_4_pipeline(C_DWIDTH...
Compiling module smartconnect_v1_0.sc_util_v1_0_4_pipeline(C_DWIDTH...
Compiling module smartconnect_v1_0.sc_util_v1_0_4_pipeline(C_DWIDTH...
Compiling module smartconnect_v1_0.sc_util_v1_0_4_onehot_to_binary(...
Compiling module smartconnect_v1_0.sc_util_v1_0_4_counter_default
Compiling module smartconnect_v1_0.sc_node_v1_0_10_ingress(C_NUM_SI...
Compiling module xpm.xpm_memory_base(MEMORY_TYPE=1,ME...
Compiling module xpm.xpm_memory_sdpram(MEMORY_SIZE=32...
Compiling module smartconnect_v1_0.sc_util_v1_0_4_counter(C_WIDTH=6...
Compiling module smartconnect_v1_0.sc_util_v1_0_4_counter(C_WIDTH=6...
Compiling module smartconnect_v1_0.sc_util_v1_0_4_xpm_memory_fifo(C...
Compiling module smartconnect_v1_0.sc_node_v1_0_10_fifo(C_FAMILY="z...
Compiling module smartconnect_v1_0.sc_node_v1_0_10_reg_slice3(C_PAY...
Compiling module smartconnect_v1_0.sc_util_v1_0_4_pipeline(C_DEPTH=...
Compiling module xpm.xpm_memory_base(MEMORY_TYPE=1,ME...
Compiling module xpm.xpm_memory_sdpram(MEMORY_SIZE=50...
Compiling module smartconnect_v1_0.sc_util_v1_0_4_xpm_memory_fifo(C...
Compiling module smartconnect_v1_0.sc_node_v1_0_10_fifo(C_FAMILY="z...
Compiling module smartconnect_v1_0.sc_node_v1_0_10_egress(C_NODE_PA...
Compiling module smartconnect_v1_0.sc_node_v1_0_10_mi_handler(C_NUM...
Compiling module smartconnect_v1_0.sc_node_v1_0_10_top(C_FAMILY="zy...
Compiling module xil_defaultlib.bd_afc3_m00arn_0
Compiling module smartconnect_v1_0.sc_util_v1_0_4_axic_reg_srl_fifo...
Compiling module smartconnect_v1_0.sc_node_v1_0_10_si_handler(C_NUM...
Compiling module smartconnect_v1_0.sc_node_v1_0_10_ingress(C_NUM_SI...
Compiling module smartconnect_v1_0.sc_node_v1_0_10_egress(C_NODE_PA...
Compiling module smartconnect_v1_0.sc_node_v1_0_10_mi_handler(C_NUM...
Compiling module smartconnect_v1_0.sc_node_v1_0_10_top(C_FAMILY="zy...
Compiling module xil_defaultlib.bd_afc3_m00awn_0
Compiling module smartconnect_v1_0.sc_node_v1_0_10_si_handler(C_NUM...
Compiling module smartconnect_v1_0.sc_util_v1_0_4_pipeline(C_DWIDTH...
Compiling module smartconnect_v1_0.sc_util_v1_0_4_onehot_to_binary(...
Compiling module smartconnect_v1_0.sc_node_v1_0_10_ingress(C_PAYLD_...
Compiling module xpm.xpm_memory_base(MEMORY_TYPE=1,ME...
Compiling module xpm.xpm_memory_sdpram(MEMORY_SIZE=64...
Compiling module smartconnect_v1_0.sc_util_v1_0_4_xpm_memory_fifo(C...
Compiling module smartconnect_v1_0.sc_node_v1_0_10_fifo(C_FAMILY="z...
Compiling module smartconnect_v1_0.sc_node_v1_0_10_reg_slice3(C_PAY...
Compiling module xpm.xpm_memory_base(MEMORY_TYPE=1,ME...
Compiling module xpm.xpm_memory_sdpram(MEMORY_SIZE=25...
Compiling module smartconnect_v1_0.sc_util_v1_0_4_xpm_memory_fifo(C...
Compiling module smartconnect_v1_0.sc_node_v1_0_10_fifo(C_FAMILY="z...
Compiling module smartconnect_v1_0.sc_node_v1_0_10_egress(C_NODE_PA...
Compiling module smartconnect_v1_0.sc_node_v1_0_10_mi_handler(C_NUM...
Compiling module smartconnect_v1_0.sc_node_v1_0_10_top(C_FAMILY="zy...
Compiling module xil_defaultlib.bd_afc3_m00bn_0
Compiling module smartconnect_v1_0.sc_node_v1_0_10_si_handler(C_NUM...
Compiling module smartconnect_v1_0.sc_util_v1_0_4_pipeline(C_DWIDTH...
Compiling module smartconnect_v1_0.sc_node_v1_0_10_ingress(C_PAYLD_...
Compiling module xpm.xpm_memory_base(MEMORY_TYPE=1,ME...
Compiling module xpm.xpm_memory_sdpram(MEMORY_SIZE=27...
Compiling module smartconnect_v1_0.sc_util_v1_0_4_xpm_memory_fifo(C...
Compiling module smartconnect_v1_0.sc_node_v1_0_10_fifo(C_FAMILY="z...
Compiling module smartconnect_v1_0.sc_node_v1_0_10_egress(C_NODE_PA...
Compiling module smartconnect_v1_0.sc_node_v1_0_10_mi_handler(C_NUM...
Compiling module smartconnect_v1_0.sc_node_v1_0_10_top(C_FAMILY="zy...
Compiling module xil_defaultlib.bd_afc3_m00rn_0
Compiling module xpm.xpm_memory_base(MEMORY_TYPE=1,ME...
Compiling module xpm.xpm_memory_sdpram(MEMORY_SIZE=4,...
Compiling module smartconnect_v1_0.sc_util_v1_0_4_counter(C_WIDTH=3...
Compiling module smartconnect_v1_0.sc_util_v1_0_4_counter(C_WIDTH=3...
Compiling module smartconnect_v1_0.sc_util_v1_0_4_xpm_memory_fifo(C...
Compiling module smartconnect_v1_0.sc_node_v1_0_10_fifo(C_FAMILY="z...
Compiling module smartconnect_v1_0.sc_node_v1_0_10_si_handler(C_NUM...
Compiling module smartconnect_v1_0.sc_util_v1_0_4_pipeline(C_DWIDTH...
Compiling module smartconnect_v1_0.sc_node_v1_0_10_ingress(C_NUM_SI...
Compiling module xpm.xpm_memory_base(MEMORY_TYPE=1,ME...
Compiling module xpm.xpm_memory_sdpram(MEMORY_SIZE=34...
Compiling module smartconnect_v1_0.sc_util_v1_0_4_xpm_memory_fifo(C...
Compiling module smartconnect_v1_0.sc_node_v1_0_10_fifo(C_FAMILY="z...
Compiling module smartconnect_v1_0.sc_node_v1_0_10_egress(C_NODE_PA...
Compiling module smartconnect_v1_0.sc_node_v1_0_10_mi_handler(C_NUM...
Compiling module smartconnect_v1_0.sc_node_v1_0_10_top(C_FAMILY="zy...
Compiling module xil_defaultlib.bd_afc3_m00wn_0
Compiling module xil_defaultlib.m00_nodes_imp_1GOYQYZ
Compiling module smartconnect_v1_0.sc_sc2axi_v1_0_7_top(C_AXI_ID_WI...
Compiling module xil_defaultlib.bd_afc3_m00s2a_0
Compiling module smartconnect_v1_0.sc_axi2sc_v1_0_7_top(C_AXI_ID_WI...
Compiling module xil_defaultlib.bd_afc3_s00a2s_0
Compiling module smartconnect_v1_0.sc_mmu_v1_0_7_addr_decoder(C_FAM...
Compiling module smartconnect_v1_0.sc_mmu_v1_0_7_decerr_slave(C_RES...
Compiling module smartconnect_v1_0.sc_util_v1_0_4_axi2vector(C_RDAT...
Compiling module smartconnect_v1_0.sc_util_v1_0_4_vector2axi(C_RDAT...
Compiling module smartconnect_v1_0.sc_util_v1_0_4_axi2vector
Compiling module smartconnect_v1_0.sc_util_v1_0_4_vector2axi
Compiling module smartconnect_v1_0.sc_mmu_v1_0_7_top(C_FAMILY="zynq...
Compiling module xil_defaultlib.bd_afc3_s00mmu_0
Compiling module smartconnect_v1_0.sc_util_v1_0_4_axic_reg_srl_fifo...
Compiling module smartconnect_v1_0.sc_si_converter_v1_0_7_splitter(...
Compiling module smartconnect_v1_0.sc_si_converter_v1_0_7_top(C_LIM...
Compiling module xil_defaultlib.bd_afc3_s00sic_0
Compiling module smartconnect_v1_0.sc_transaction_regulator_v1_0_8_...
Compiling module smartconnect_v1_0.sc_transaction_regulator_v1_0_8_...
Compiling module xil_defaultlib.bd_afc3_s00tr_0
Compiling module xil_defaultlib.s00_entry_pipeline_imp_USCCV8
Compiling module smartconnect_v1_0.sc_node_v1_0_10_si_handler(C_NUM...
Compiling module smartconnect_v1_0.sc_node_v1_0_10_ingress(C_PAYLD_...
Compiling module xpm.xpm_memory_base(MEMORY_TYPE=1,ME...
Compiling module xpm.xpm_memory_sdpram(MEMORY_SIZE=57...
Compiling module smartconnect_v1_0.sc_util_v1_0_4_xpm_memory_fifo(C...
Compiling module smartconnect_v1_0.sc_node_v1_0_10_fifo(C_FAMILY="z...
Compiling module smartconnect_v1_0.sc_node_v1_0_10_reg_slice3(C_PAY...
Compiling module xpm.xpm_memory_base(MEMORY_TYPE=1,ME...
Compiling module xpm.xpm_memory_sdpram(MEMORY_SIZE=44...
Compiling module smartconnect_v1_0.sc_util_v1_0_4_xpm_memory_fifo(C...
Compiling module smartconnect_v1_0.sc_node_v1_0_10_fifo(C_FAMILY="z...
Compiling module smartconnect_v1_0.sc_node_v1_0_10_egress(C_NODE_PA...
Compiling module smartconnect_v1_0.sc_node_v1_0_10_mi_handler(C_NUM...
Compiling module smartconnect_v1_0.sc_node_v1_0_10_top(C_FAMILY="zy...
Compiling module xil_defaultlib.bd_afc3_sarn_0
Compiling module smartconnect_v1_0.sc_node_v1_0_10_si_handler(C_NUM...
Compiling module smartconnect_v1_0.sc_node_v1_0_10_ingress(C_PAYLD_...
Compiling module smartconnect_v1_0.sc_node_v1_0_10_egress(C_NODE_PA...
Compiling module smartconnect_v1_0.sc_node_v1_0_10_mi_handler(C_NUM...
Compiling module smartconnect_v1_0.sc_node_v1_0_10_top(C_FAMILY="zy...
Compiling module xil_defaultlib.bd_afc3_sawn_0
Compiling module smartconnect_v1_0.sc_node_v1_0_10_ingress(C_PAYLD_...
Compiling module xpm.xpm_memory_base(MEMORY_TYPE=1,ME...
Compiling module xpm.xpm_memory_sdpram(MEMORY_SIZE=83...
Compiling module smartconnect_v1_0.sc_util_v1_0_4_xpm_memory_fifo(C...
Compiling module smartconnect_v1_0.sc_node_v1_0_10_fifo(C_FAMILY="z...
Compiling module smartconnect_v1_0.sc_node_v1_0_10_egress(C_NODE_PA...
Compiling module smartconnect_v1_0.sc_node_v1_0_10_mi_handler(C_NUM...
Compiling module smartconnect_v1_0.sc_node_v1_0_10_top(C_FAMILY="zy...
Compiling module xil_defaultlib.bd_afc3_sbn_0
Compiling module smartconnect_v1_0.sc_node_v1_0_10_ingress(C_PAYLD_...
Compiling module smartconnect_v1_0.sc_node_v1_0_10_reg_slice3(C_PAY...
Compiling module smartconnect_v1_0.sc_util_v1_0_4_pipeline(C_DWIDTH...
Compiling module smartconnect_v1_0.sc_util_v1_0_4_pipeline(C_DWIDTH...
Compiling module smartconnect_v1_0.sc_node_v1_0_10_downsizer(C_REQS...
Compiling module xpm.xpm_memory_base(MEMORY_TYPE=1,ME...
Compiling module xpm.xpm_memory_sdpram(MEMORY_SIZE=33...
Compiling module smartconnect_v1_0.sc_util_v1_0_4_xpm_memory_fifo(C...
Compiling module smartconnect_v1_0.sc_node_v1_0_10_fifo(C_FAMILY="z...
Compiling module smartconnect_v1_0.sc_node_v1_0_10_egress(C_NODE_PA...
Compiling module smartconnect_v1_0.sc_node_v1_0_10_mi_handler(C_NUM...
Compiling module smartconnect_v1_0.sc_node_v1_0_10_top(C_FAMILY="zy...
Compiling module xil_defaultlib.bd_afc3_srn_0
Compiling module smartconnect_v1_0.sc_node_v1_0_10_si_handler(C_NUM...
Compiling module smartconnect_v1_0.sc_node_v1_0_10_ingress(C_PAYLD_...
Compiling module smartconnect_v1_0.sc_util_v1_0_4_pipeline(C_DWIDTH...
Compiling module smartconnect_v1_0.sc_node_v1_0_10_upsizer(C_REQSEN...
Compiling module smartconnect_v1_0.sc_node_v1_0_10_fi_regulator(C_A...
Compiling module smartconnect_v1_0.sc_util_v1_0_4_xpm_memory_fifo(C...
Compiling module smartconnect_v1_0.sc_node_v1_0_10_fifo(C_FAMILY="z...
Compiling module xpm.xpm_memory_base(MEMORY_TYPE=1,ME...
Compiling module xpm.xpm_memory_sdpram(MEMORY_SIZE=28...
Compiling module smartconnect_v1_0.sc_util_v1_0_4_xpm_memory_fifo(C...
Compiling module smartconnect_v1_0.sc_node_v1_0_10_fifo(C_FAMILY="z...
Compiling module smartconnect_v1_0.sc_node_v1_0_10_egress(C_NODE_PA...
Compiling module smartconnect_v1_0.sc_node_v1_0_10_mi_handler(C_NUM...
Compiling module smartconnect_v1_0.sc_node_v1_0_10_top(C_FAMILY="zy...
Compiling module xil_defaultlib.bd_afc3_swn_0
Compiling module xil_defaultlib.s00_nodes_imp_Y7M43I
Compiling module xil_defaultlib.bd_afc3_s01a2s_0
Compiling module smartconnect_v1_0.sc_mmu_v1_0_7_top(C_FAMILY="zynq...
Compiling module xil_defaultlib.bd_afc3_s01mmu_0
Compiling module smartconnect_v1_0.sc_si_converter_v1_0_7_top(C_LIM...
Compiling module xil_defaultlib.bd_afc3_s01sic_0
Compiling module smartconnect_v1_0.sc_transaction_regulator_v1_0_8_...
Compiling module xil_defaultlib.bd_afc3_s01tr_0
Compiling module xil_defaultlib.s01_entry_pipeline_imp_1W4H5O0
Compiling module smartconnect_v1_0.sc_node_v1_0_10_top(C_FAMILY="zy...
Compiling module xil_defaultlib.bd_afc3_sawn_1
Compiling module smartconnect_v1_0.sc_node_v1_0_10_top(C_FAMILY="zy...
Compiling module xil_defaultlib.bd_afc3_sbn_1
Compiling module smartconnect_v1_0.sc_node_v1_0_10_top(C_FAMILY="zy...
Compiling module xil_defaultlib.bd_afc3_swn_1
Compiling module xil_defaultlib.s01_nodes_imp_1RW0SI0
Compiling module xil_defaultlib.bd_afc3_s02a2s_0
Compiling module smartconnect_v1_0.sc_mmu_v1_0_7_top(C_FAMILY="zynq...
Compiling module xil_defaultlib.bd_afc3_s02mmu_0
Compiling module smartconnect_v1_0.sc_si_converter_v1_0_7_top(C_LIM...
Compiling module xil_defaultlib.bd_afc3_s02sic_0
Compiling module smartconnect_v1_0.sc_transaction_regulator_v1_0_8_...
Compiling module xil_defaultlib.bd_afc3_s02tr_0
Compiling module xil_defaultlib.s02_entry_pipeline_imp_10GEI8D
Compiling module smartconnect_v1_0.sc_node_v1_0_10_top(C_FAMILY="zy...
Compiling module xil_defaultlib.bd_afc3_sarn_1
Compiling module smartconnect_v1_0.sc_node_v1_0_10_top(C_FAMILY="zy...
Compiling module xil_defaultlib.bd_afc3_srn_1
Compiling module xil_defaultlib.s02_nodes_imp_16RLGGJ
Compiling module smartconnect_v1_0.sc_util_v1_0_4_onehot_to_binary(...
Compiling module smartconnect_v1_0.sc_util_v1_0_4_pipeline(C_DWIDTH...
Compiling module smartconnect_v1_0.sc_util_v1_0_4_mux(C_DWIDTH=140,...
Compiling module smartconnect_v1_0.sc_util_v1_0_4_pipeline(C_DWIDTH...
Compiling module smartconnect_v1_0.sc_switchboard_v1_0_6_top(C_PAYL...
Compiling module xil_defaultlib.bd_afc3_arsw_0
Compiling module xil_defaultlib.bd_afc3_awsw_0
Compiling module smartconnect_v1_0.sc_util_v1_0_4_onehot_to_binary(...
Compiling module smartconnect_v1_0.sc_util_v1_0_4_pipeline(C_DWIDTH...
Compiling module smartconnect_v1_0.sc_util_v1_0_4_mux(C_DWIDTH=8,C_...
Compiling module smartconnect_v1_0.sc_util_v1_0_4_pipeline(C_DWIDTH...
Compiling module smartconnect_v1_0.sc_switchboard_v1_0_6_top(C_PAYL...
Compiling module xil_defaultlib.bd_afc3_bsw_0
Compiling module smartconnect_v1_0.sc_util_v1_0_4_mux(C_DWIDTH=86,C...
Compiling module smartconnect_v1_0.sc_util_v1_0_4_pipeline(C_DWIDTH...
Compiling module smartconnect_v1_0.sc_switchboard_v1_0_6_top(C_PAYL...
Compiling module xil_defaultlib.bd_afc3_rsw_0
Compiling module smartconnect_v1_0.sc_util_v1_0_4_mux(C_DWIDTH=88,C...
Compiling module smartconnect_v1_0.sc_util_v1_0_4_pipeline(C_DWIDTH...
Compiling module smartconnect_v1_0.sc_switchboard_v1_0_6_top(C_PAYL...
Compiling module xil_defaultlib.bd_afc3_wsw_0
Compiling module xil_defaultlib.switchboards_imp_4N4PBE
Compiling module xil_defaultlib.bd_afc3
Compiling module xil_defaultlib.design_1_axi_smc_0
Compiling module processing_system7_vip_v1_0_6.processing_system7_vip_v1_0_6_ge...
Compiling module processing_system7_vip_v1_0_6.processing_system7_vip_v1_0_6_ge...
Compiling module processing_system7_vip_v1_0_6.processing_system7_vip_v1_0_6_ar...
Compiling module processing_system7_vip_v1_0_6.processing_system7_vip_v1_0_6_ar...
Compiling module processing_system7_vip_v1_0_6.processing_system7_vip_v1_0_6_fm...
Compiling module processing_system7_vip_v1_0_6.processing_system7_vip_v1_0_6_ar...
Compiling module processing_system7_vip_v1_0_6.processing_system7_vip_v1_0_6_ar...
Compiling module processing_system7_vip_v1_0_6.processing_system7_vip_v1_0_6_ar...
Compiling module processing_system7_vip_v1_0_6.processing_system7_vip_v1_0_6_ar...
Compiling module processing_system7_vip_v1_0_6.processing_system7_vip_v1_0_6_ss...
Compiling module processing_system7_vip_v1_0_6.processing_system7_vip_v1_0_6_in...
Compiling module processing_system7_vip_v1_0_6.processing_system7_vip_v1_0_6_sp...
Compiling module processing_system7_vip_v1_0_6.processing_system7_vip_v1_0_6_dd...
Compiling module processing_system7_vip_v1_0_6.processing_system7_vip_v1_0_6_oc...
Compiling module processing_system7_vip_v1_0_6.processing_system7_vip_v1_0_6_oc...
Compiling module processing_system7_vip_v1_0_6.processing_system7_vip_v1_0_6_re...
Compiling module processing_system7_vip_v1_0_6.processing_system7_vip_v1_0_6_re...
Compiling module xilinx_vip.axi_vip_axi4pc(WDATA_WIDTH=32,RD...
Compiling module xilinx_vip.cb
Compiling module xilinx_vip.axi_vip_if(C_AXI_PROTOCOL=1,C_AX...
Compiling module axi_vip_v1_1_4.axi_vip_v1_1_4_top(C_AXI_PROTOCO...
Compiling module processing_system7_vip_v1_0_6.processing_system7_vip_v1_0_6_ax...
Compiling module processing_system7_vip_v1_0_6.processing_system7_vip_v1_0_6_ax...
Compiling module xilinx_vip.axi_vip_axi4pc(WDATA_WIDTH=32,RD...
Compiling module xilinx_vip.cb
Compiling module xilinx_vip.axi_vip_if(C_AXI_PROTOCOL=1,C_AX...
Compiling module axi_vip_v1_1_4.axi_vip_v1_1_4_top(C_AXI_PROTOCO...
Compiling module processing_system7_vip_v1_0_6.processing_system7_vip_v1_0_6_ax...
Compiling module processing_system7_vip_v1_0_6.processing_system7_vip_v1_0_6_ax...
Compiling module xilinx_vip.axi_vip_axi4pc(PROTOCOL=1,RID_WI...
Compiling module xilinx_vip.cb
Compiling module xilinx_vip.axi_vip_if(C_AXI_PROTOCOL=1,C_AX...
Compiling module axi_vip_v1_1_4.axi_vip_v1_1_4_top(C_AXI_PROTOCO...
Compiling module processing_system7_vip_v1_0_6.processing_system7_vip_v1_0_6_in...
Compiling module processing_system7_vip_v1_0_6.processing_system7_vip_v1_0_6_af...
Compiling module processing_system7_vip_v1_0_6.processing_system7_vip_v1_0_6_af...
Compiling module processing_system7_vip_v1_0_6.processing_system7_vip_v1_0_6_af...
Compiling module processing_system7_vip_v1_0_6.processing_system7_vip_v1_0_6_af...
Compiling module xilinx_vip.axi_vip_axi4pc(PROTOCOL=1,RID_WI...
Compiling module xilinx_vip.cb
Compiling module xilinx_vip.axi_vip_if(C_AXI_PROTOCOL=1,C_AX...
Compiling module axi_vip_v1_1_4.axi_vip_v1_1_4_top(C_AXI_PROTOCO...
Compiling module processing_system7_vip_v1_0_6.processing_system7_vip_v1_0_6_ax...
Compiling module processing_system7_vip_v1_0_6.processing_system7_vip_v1_0_6(C_...
Compiling module xil_defaultlib.design_1_processing_system7_0_0
Compiling module xil_defaultlib.m00_couplers_imp_15SPJYW
Compiling module xil_defaultlib.m01_couplers_imp_XU9C55
Compiling module axi_infrastructure_v1_1_0.axi_infrastructure_v1_1_0_axi2ve...
Compiling module axi_register_slice_v2_1_18.axi_register_slice_v2_1_18_axic_...
Compiling module axi_register_slice_v2_1_18.axi_register_slice_v2_1_18_axic_...
Compiling module axi_register_slice_v2_1_18.axi_register_slice_v2_1_18_axic_...
Compiling module axi_register_slice_v2_1_18.axi_register_slice_v2_1_18_axic_...
Compiling module axi_infrastructure_v1_1_0.axi_infrastructure_v1_1_0_vector...
Compiling module axi_register_slice_v2_1_18.axi_register_slice_v2_1_18_axi_r...
Compiling module axi_protocol_converter_v2_1_18.axi_protocol_converter_v2_1_18_b...
Compiling module axi_protocol_converter_v2_1_18.axi_protocol_converter_v2_1_18_b...
Compiling module axi_protocol_converter_v2_1_18.axi_protocol_converter_v2_1_18_b...
Compiling module axi_protocol_converter_v2_1_18.axi_protocol_converter_v2_1_18_b...
Compiling module axi_protocol_converter_v2_1_18.axi_protocol_converter_v2_1_18_b...
Compiling module axi_protocol_converter_v2_1_18.axi_protocol_converter_v2_1_18_b...
Compiling module axi_protocol_converter_v2_1_18.axi_protocol_converter_v2_1_18_b...
Compiling module axi_protocol_converter_v2_1_18.axi_protocol_converter_v2_1_18_b...
Compiling module axi_protocol_converter_v2_1_18.axi_protocol_converter_v2_1_18_b...
Compiling module axi_protocol_converter_v2_1_18.axi_protocol_converter_v2_1_18_b...
Compiling module axi_protocol_converter_v2_1_18.axi_protocol_converter_v2_1_18_b...
Compiling module axi_protocol_converter_v2_1_18.axi_protocol_converter_v2_1_18_b...
Compiling module axi_protocol_converter_v2_1_18.axi_protocol_converter_v2_1_18_b...
Compiling module axi_infrastructure_v1_1_0.axi_infrastructure_v1_1_0_axi2ve...
Compiling module axi_register_slice_v2_1_18.axi_register_slice_v2_1_18_axic_...
Compiling module axi_register_slice_v2_1_18.axi_register_slice_v2_1_18_axic_...
Compiling module axi_register_slice_v2_1_18.axi_register_slice_v2_1_18_axic_...
Compiling module axi_register_slice_v2_1_18.axi_register_slice_v2_1_18_axic_...
Compiling module axi_infrastructure_v1_1_0.axi_infrastructure_v1_1_0_vector...
Compiling module axi_register_slice_v2_1_18.axi_register_slice_v2_1_18_axi_r...
Compiling module axi_protocol_converter_v2_1_18.axi_protocol_converter_v2_1_18_b...
Compiling module axi_protocol_converter_v2_1_18.axi_protocol_converter_v2_1_18_a...
Compiling module xil_defaultlib.design_1_auto_pc_0
Compiling module xil_defaultlib.s00_couplers_imp_UYSKKA
Compiling module axi_crossbar_v2_1_19.axi_crossbar_v2_1_19_addr_arbite...
Compiling module generic_baseblocks_v2_1_0.generic_baseblocks_v2_1_0_carry_...
Compiling module generic_baseblocks_v2_1_0.generic_baseblocks_v2_1_0_compar...
Compiling module generic_baseblocks_v2_1_0.generic_baseblocks_v2_1_0_compar...
Compiling module axi_crossbar_v2_1_19.axi_crossbar_v2_1_19_addr_decode...
Compiling module axi_crossbar_v2_1_19.axi_crossbar_v2_1_19_splitter(C_...
Compiling module axi_crossbar_v2_1_19.axi_crossbar_v2_1_19_splitter
Compiling module generic_baseblocks_v2_1_0.generic_baseblocks_v2_1_0_mux_en...
Compiling module generic_baseblocks_v2_1_0.generic_baseblocks_v2_1_0_mux_en...
Compiling module generic_baseblocks_v2_1_0.generic_baseblocks_v2_1_0_mux_en...
Compiling module axi_register_slice_v2_1_18.axi_register_slice_v2_1_18_axic_...
Compiling module generic_baseblocks_v2_1_0.generic_baseblocks_v2_1_0_mux_en...
Compiling module axi_crossbar_v2_1_19.axi_crossbar_v2_1_19_decerr_slav...
Compiling module axi_crossbar_v2_1_19.axi_crossbar_v2_1_19_crossbar_sa...
Compiling module axi_crossbar_v2_1_19.axi_crossbar_v2_1_19_axi_crossba...
Compiling module xil_defaultlib.design_1_xbar_0
Compiling module xil_defaultlib.design_1_ps7_0_axi_periph_0
Compiling architecture imp of entity proc_sys_reset_v5_0_13.lpf [\lpf(c_ext_rst_width=4,c_aux_rst...]
Compiling architecture imp of entity proc_sys_reset_v5_0_13.proc_sys_reset [\proc_sys_reset(c_family="zynq",...]
Compiling architecture design_1_rst_ps7_0_50m_0_arch of entity xil_defaultlib.design_1_rst_ps7_0_50M_0 [design_1_rst_ps7_0_50m_0_default]
Compiling module xil_defaultlib.MatMul_v1_0_S00_AXI_default
Compiling module xil_defaultlib.AGU(INPUT_SIZE=49,WEIGHT_SIZE=49...
Compiling module xil_defaultlib.weight_storage(INPUT_SIZE=49,WEI...
Compiling module xil_defaultlib.vector_storage(RESULT_SIZE=49,RE...
Compiling module xil_defaultlib.MAC(INPUT_SIZE=49,WEIGHT_SIZE=49...
Compiling module xil_defaultlib.vector_storage
Compiling module xil_defaultlib.mat_mul(INPUT_SIZE=49,WEIGHT_SIZ...
Compiling module xil_defaultlib.vector_acc_v1_0(WEIGHT_SIZE=49)
Compiling module xil_defaultlib.design_1_vector_acc_0_0
Compiling module xlconcat_v2_1_1.xlconcat_v2_1_1_xlconcat_default
Compiling module xil_defaultlib.design_1_xlconcat_0_0
Compiling module xil_defaultlib.design_1
Compiling module xil_defaultlib.design_1_wrapper
Compiling module xil_defaultlib.glbl
Built simulation snapshot design_1_wrapper_behav
