#-----------------------------------------------------------
# Vivado v2018.3 (64-bit)
# SW Build 2405991 on Thu Dec  6 23:38:27 MST 2018
# IP Build 2404404 on Fri Dec  7 01:43:56 MST 2018
# Start of session at: Fri Nov 11 14:59:35 2022
# Process ID: 9408
# Current directory: C:/Work/project_1
# Command line: vivado.exe -gui_launcher_event rodinguilauncherevent8780 C:\Work\project_1\project_1.xpr
# Log file: C:/Work/project_1/vivado.log
# Journal file: C:/Work/project_1\vivado.jou
#-----------------------------------------------------------
start_gui
open_project C:/Work/project_1/project_1.xpr
INFO: [Project 1-313] Project file moved from 'C:/Users/Rodrigo Juez/Desktop/project_1' since last save.
Scanning sources...
Finished scanning sources
INFO: [IP_Flow 19-234] Refreshing IP repositories
INFO: [IP_Flow 19-1704] No user IP repositories specified
INFO: [IP_Flow 19-2313] Loaded Vivado IP repository 'C:/Xilinx/Vivado/2018.3/data/ip'.
open_project: Time (s): cpu = 00:00:22 ; elapsed = 00:00:10 . Memory (MB): peak = 677.629 ; gain = 94.457
update_compile_order -fileset sources_1
launch_sdk -workspace C:/Work/project_1/project_1.sdk -hwspec C:/Work/project_1/project_1.sdk/design_1_wrapper.hdf
INFO: [Vivado 12-393] Launching SDK...
INFO: [Vivado 12-417] Running xsdk -workspace C:/Work/project_1/project_1.sdk -hwspec C:/Work/project_1/project_1.sdk/design_1_wrapper.hdf
INFO: [Vivado 12-3157] SDK launch initiated. Please check console for any further messages.
exit
INFO: [Common 17-206] Exiting Vivado at Sat Nov 12 01:47:58 2022...
