#-----------------------------------------------------------
# Vivado v2018.3 (64-bit)
# SW Build 2405991 on Thu Dec  6 23:38:27 MST 2018
# IP Build 2404404 on Fri Dec  7 01:43:56 MST 2018
# Start of session at: Sun Dec  4 00:24:06 2022
# Process ID: 21356
# Current directory: C:/Users/AlaiC/Desktop/project_test
# Command line: vivado.exe -gui_launcher_event rodinguilauncherevent29276 C:\Users\AlaiC\Desktop\project_test\project_test.xpr
# Log file: C:/Users/AlaiC/Desktop/project_test/vivado.log
# Journal file: C:/Users/AlaiC/Desktop/project_test\vivado.jou
#-----------------------------------------------------------
start_gui
open_project C:/Users/AlaiC/Desktop/project_test/project_test.xpr
Scanning sources...
Finished scanning sources
INFO: [IP_Flow 19-234] Refreshing IP repositories
INFO: [IP_Flow 19-1704] No user IP repositories specified
INFO: [IP_Flow 19-2313] Loaded Vivado IP repository 'D:/Xilinx/Vivado/2018.3/data/ip'.
open_project: Time (s): cpu = 00:00:13 ; elapsed = 00:00:06 . Memory (MB): peak = 771.848 ; gain = 150.938
update_compile_order -fileset sources_1
launch_sdk -workspace C:/Users/AlaiC/Desktop/project_test/project_test.sdk -hwspec C:/Users/AlaiC/Desktop/project_test/project_test.sdk/design_1_wrapper.hdf
INFO: [Vivado 12-393] Launching SDK...
INFO: [Vivado 12-417] Running xsdk -workspace C:/Users/AlaiC/Desktop/project_test/project_test.sdk -hwspec C:/Users/AlaiC/Desktop/project_test/project_test.sdk/design_1_wrapper.hdf
INFO: [Vivado 12-3157] SDK launch initiated. Please check console for any further messages.
exit
INFO: [Common 17-206] Exiting Vivado at Sun Dec  4 00:36:56 2022...
